[2026-03-05 10:27:51] [INFO] 连接 uiautomator2: 127.0.0.1:21503
[2026-03-05 10:27:52] [INFO] ✓ uiautomator2 已连接
[2026-03-05 10:27:52] [DEBUG] 设备信息: {'currentPackageName': 'com.dragon.read', 'displayHeight': 1000, 'displayRotation': 0, 'displaySizeDpX': 853, 'displaySizeDpY': 533, 'displayWidth': 1600, 'productName': 'ASUS_I005DA', 'screenOn': True, 'sdkInt': 28, 'naturalOrientation': True}
[2026-03-05 10:30:24] [INFO] 连接 uiautomator2: 127.0.0.1:21503
[2026-03-05 10:30:25] [INFO] ✓ uiautomator2 已连接
[2026-03-05 10:30:26] [DEBUG] 设备信息: {'currentPackageName': 'com.dragon.read', 'displayHeight': 1000, 'displayRotation': 0, 'displaySizeDpX': 853, 'displaySizeDpY': 533, 'displayWidth': 1600, 'productName': 'ASUS_I005DA', 'screenOn': True, 'sdkInt': 28, 'naturalOrientation': True}
[2026-03-05 10:30:26] [INFO] 点击搜索框
[2026-03-05 10:30:29] [DEBUG] 尝试选择器失败: {'hint': '搜索'}, hint is not allowed.
[2026-03-05 10:30:30] [WARNING] 未找到搜索框
[2026-03-05 10:30:30] [INFO] 搜索书籍: 我不是戏神
[2026-03-05 10:30:35] [DEBUG] 找到搜索框: {'text': '搜索'}
[2026-03-05 10:30:41] [INFO] ✓ 搜索完成
[2026-03-05 10:30:41] [INFO] 点击搜索结果第一条
[2026-03-05 10:30:44] [DEBUG] 找到书籍封面: {'className': 'android.widget.ImageView'}
[2026-03-05 10:30:47] [INFO] ✓ 已打开书籍详情
[2026-03-05 10:30:47] [INFO] 尝试开始阅读
[2026-03-05 10:30:55] [WARNING] 未找到阅读按钮，可能已在阅读页面
[2026-03-05 10:30:55] [DEBUG] 翻页 1/3: (1280, 500) -> (320, 500)
[2026-03-05 10:30:56] [DEBUG] 翻页 2/3: (1280, 500) -> (320, 500)
[2026-03-05 10:30:58] [DEBUG] 翻页 3/3: (1280, 500) -> (320, 500)
[2026-03-05 10:30:59] [INFO] ✓ 翻页 3 次完成
[2026-03-05 10:31:51] [INFO] 连接 uiautomator2: 127.0.0.1:21503
[2026-03-05 10:31:52] [INFO] ✓ uiautomator2 已连接
[2026-03-05 10:31:53] [DEBUG] 设备信息: {'currentPackageName': 'com.dragon.read', 'displayHeight': 1000, 'displayRotation': 0, 'displaySizeDpX': 853, 'displaySizeDpY': 533, 'displayWidth': 1600, 'productName': 'ASUS_I005DA', 'screenOn': True, 'sdkInt': 28, 'naturalOrientation': True}
[2026-03-05 10:33:50] [INFO] 连接 uiautomator2: 127.0.0.1:21503
[2026-03-05 10:33:51] [INFO] ✓ uiautomator2 已连接
[2026-03-05 10:33:52] [DEBUG] 设备信息: {'currentPackageName': 'com.dragon.read', 'displayHeight': 1000, 'displayRotation': 0, 'displaySizeDpX': 853, 'displaySizeDpY': 533, 'displayWidth': 1600, 'productName': 'ASUS_I005DA', 'screenOn': True, 'sdkInt': 28, 'naturalOrientation': True}
[2026-03-05 10:33:52] [INFO] 点击搜索框
[2026-03-05 10:33:52] [DEBUG] 使用坐标点击搜索框: (307, 81)
[2026-03-05 10:33:52] [INFO] ✓ 搜索框已点击
[2026-03-05 10:33:52] [INFO] 搜索书籍: 我不是戏神
[2026-03-05 10:33:55] [DEBUG] 找到搜索框: {'text': '搜索'}
[2026-03-05 10:34:00] [INFO] ✓ 搜索完成
[2026-03-05 10:34:00] [INFO] 点击搜索结果第一条
[2026-03-05 10:34:03] [DEBUG] 找到书籍封面: {'className': 'android.widget.ImageView'}
[2026-03-05 10:34:06] [INFO] ✓ 已打开书籍详情
[2026-03-05 10:34:06] [INFO] 尝试开始阅读
[2026-03-05 10:34:14] [WARNING] 未找到阅读按钮，可能已在阅读页面
[2026-03-05 10:34:14] [DEBUG] 翻页 1/3: (1280, 500) -> (320, 500)
[2026-03-05 10:34:16] [DEBUG] 翻页 2/3: (1280, 500) -> (320, 500)
[2026-03-05 10:34:17] [DEBUG] 翻页 3/3: (1280, 500) -> (320, 500)
[2026-03-05 10:34:48] [INFO] 连接 uiautomator2: 127.0.0.1:21503
[2026-03-05 10:34:49] [INFO] ✓ uiautomator2 已连接
[2026-03-05 10:34:49] [DEBUG] 设备信息: {'currentPackageName': 'com.dragon.read', 'displayHeight': 1000, 'displayRotation': 0, 'displaySizeDpX': 853, 'displaySizeDpY': 533, 'displayWidth': 1600, 'productName': 'ASUS_I005DA', 'screenOn': True, 'sdkInt': 28, 'naturalOrientation': True}
[2026-03-05 10:34:49] [INFO] 点击搜索框
[2026-03-05 10:34:49] [DEBUG] 使用坐标点击搜索框: (307, 81)
[2026-03-05 10:34:50] [INFO] ✓ 搜索框已点击
[2026-03-05 10:34:50] [INFO] 搜索书籍: 我不是戏神
[2026-03-05 10:34:52] [DEBUG] 找到搜索框: {'text': '搜索'}
[2026-03-05 10:34:57] [INFO] ✓ 搜索完成
[2026-03-05 10:34:57] [INFO] 点击搜索结果第一条
[2026-03-05 10:35:01] [DEBUG] 找到书籍封面: {'className': 'android.widget.ImageView'}
[2026-03-05 10:35:03] [INFO] ✓ 已打开书籍详情
[2026-03-05 10:35:03] [INFO] 尝试开始阅读
[2026-03-05 10:35:11] [WARNING] 未找到阅读按钮，可能已在阅读页面
[2026-03-05 10:35:11] [DEBUG] 翻页 1/3: (1280, 500) -> (320, 500)
[2026-03-05 10:35:12] [DEBUG] 翻页 2/3: (1280, 500) -> (320, 500)
[2026-03-05 10:35:13] [DEBUG] 翻页 3/3: (1280, 500) -> (320, 500)
[2026-03-05 10:35:15] [INFO] ✓ 翻页 3 次完成
[2026-03-05 10:39:22] [INFO] 连接 uiautomator2: 127.0.0.1:21503
[2026-03-05 10:39:23] [INFO] ✓ uiautomator2 已连接
[2026-03-05 10:39:23] [DEBUG] 设备信息: {'currentPackageName': 'com.dragon.read', 'displayHeight': 1000, 'displayRotation': 0, 'displaySizeDpX': 853, 'displaySizeDpY': 533, 'displayWidth': 1600, 'productName': 'ASUS_I005DA', 'screenOn': True, 'sdkInt': 28, 'naturalOrientation': True}
[2026-03-05 10:39:23] [INFO] 点击搜索框
[2026-03-05 10:39:23] [DEBUG] 使用坐标点击搜索框: (307, 81)
[2026-03-05 10:39:24] [INFO] ✓ 搜索框已点击
[2026-03-05 10:39:24] [INFO] 搜索书籍: 我不是戏神
[2026-03-05 10:39:27] [DEBUG] 找到搜索框: {'text': '搜索'}
[2026-03-05 10:39:33] [INFO] ✓ 搜索完成
[2026-03-05 10:39:33] [INFO] 点击搜索结果第一条
[2026-03-05 10:39:36] [DEBUG] 找到书籍封面: {'className': 'android.widget.ImageView'}
[2026-03-05 10:39:39] [INFO] ✓ 已打开书籍详情
[2026-03-05 10:39:39] [INFO] 尝试开始阅读
[2026-03-05 10:39:46] [WARNING] 未找到阅读按钮，可能已在阅读页面
[2026-03-05 10:39:46] [DEBUG] 翻页 1/3: (1280, 500) -> (320, 500)
[2026-03-05 10:39:48] [DEBUG] 翻页 2/3: (1280, 500) -> (320, 500)
[2026-03-05 10:39:48] [ERROR] 翻页失败: ('Unknown RPC error: -32001 java.lang.SecurityException', (1280, 500, 320, 500, 40), 'java.lang.SecurityException: Injecting to another application requires INJECT_EVENTS permission\n\tat android.os.Parcel.createException(Parcel.java:1950)\n\tat android.os.Parcel.readException(Parcel.java:1918)\n\tat android.os.Parcel.readException(Parcel.java:1868)\n\tat android.hardware.input.IInputManager$Stub$Proxy.injectInputEvent(IInputManager.java:575)\n\tat android.hardware.input.InputManager.injectInputEvent(InputManager.java:880)\n\tat android.app.UiAutomationConnection.injectInputEvent(UiAutomationConnection.java:127)\n\tat android.app.UiAutomation.injectInputEvent(UiAutomation.java:516)\n\tat androidx.test.uiautomator.InteractionController.injectEventSync(InteractionController.java:494)\n\tat androidx.test.uiautomator.InteractionController.touchMove(InteractionController.java:259)\n\tat androidx.test.uiautomator.InteractionController.swipe(InteractionController.java:334)\n\tat androidx.test.uiautomator.InteractionController.swipe(InteractionController.java:303)\n\tat androidx.test.uiautomator.UiDevice.swipe(UiDevice.java:631)\n\tat com.wetest.uia2.stub.AutomatorServiceImpl.swipe(AutomatorServiceImpl.java:228)\n\tat java.lang.reflect.Method.invoke(Native Method)\n\tat com.googlecode.jsonrpc4j.JsonRpcBasicServer.invoke(JsonRpcBasicServer.java:467)\n\tat com.googlecode.jsonrpc4j.JsonRpcBasicServer.handleObject(JsonRpcBasicServer.java:352)\n\tat com.googlecode.jsonrpc4j.JsonRpcBasicServer.handleJsonNodeRequest(JsonRpcBasicServer.java:283)\n\tat com.googlecode.jsonrpc4j.JsonRpcBasicServer.handleRequest(JsonRpcBasicServer.java:251)\n\tat com.wetest.uia2.stub.AutomatorHttpServer.serve(AutomatorHttpServer.java:101)\n\tat fi.iki.elonen.NanoHTTPD.serve(NanoHTTPD.java:2244)\n\tat fi.iki.elonen.NanoHTTPD$HTTPSession.execute(NanoHTTPD.java:945)\n\tat fi.iki.elonen.NanoHTTPD$ClientHandler.run(NanoHTTPD.java:192)\n\tat java.lang.Thread.run(Thread.java:764)\nCaused by: android.os.RemoteException: Remote stack trace:\n\tat com.android.server.input.InputManagerService.injectInputEventInternal(InputManagerService.java:621)\n\tat com.android.server.input.InputManagerService.injectInputEvent(InputManagerService.java:595)\n\tat android.hardware.input.IInputManager$Stub.onTransact(IInputManager.java:143)\n\tat android.os.Binder.execTransact(Binder.java:731)\n\n')
[2026-03-05 10:39:59] [INFO] 连接 uiautomator2: 127.0.0.1:21503
[2026-03-05 10:40:00] [INFO] ✓ uiautomator2 已连接
[2026-03-05 10:40:00] [DEBUG] 设备信息: {'currentPackageName': 'com.dragon.read', 'displayHeight': 1000, 'displayRotation': 0, 'displaySizeDpX': 853, 'displaySizeDpY': 533, 'displayWidth': 1600, 'productName': 'ASUS_I005DA', 'screenOn': True, 'sdkInt': 28, 'naturalOrientation': True}
[2026-03-05 10:40:00] [INFO] 点击搜索框
[2026-03-05 10:40:00] [DEBUG] 使用坐标点击搜索框: (307, 81)
[2026-03-05 10:40:01] [INFO] ✓ 搜索框已点击
[2026-03-05 10:40:01] [INFO] 搜索书籍: 我不是戏神
[2026-03-05 10:40:04] [DEBUG] 找到搜索框: {'text': '搜索'}
[2026-03-05 10:40:08] [INFO] ✓ 搜索完成
[2026-03-05 10:40:08] [INFO] 点击搜索结果第一条
[2026-03-05 10:40:12] [DEBUG] 找到书籍封面: {'className': 'android.widget.ImageView'}
[2026-03-05 10:40:15] [INFO] ✓ 已打开书籍详情
[2026-03-05 10:40:15] [INFO] 尝试开始阅读
[2026-03-05 10:40:22] [WARNING] 未找到阅读按钮，可能已在阅读页面
[2026-03-05 10:40:22] [DEBUG] 翻页 1/3: (1280, 500) -> (320, 500)
[2026-03-05 10:40:23] [DEBUG] 翻页 2/3: (1280, 500) -> (320, 500)
[2026-03-05 10:40:25] [DEBUG] 翻页 3/3: (1280, 500) -> (320, 500)
[2026-03-05 10:40:26] [INFO] ✓ 翻页 3 次完成
[2026-03-05 10:43:09] [INFO] 连接 uiautomator2: 127.0.0.1:21503
[2026-03-05 10:43:10] [INFO] ✓ uiautomator2 已连接
[2026-03-05 10:43:11] [DEBUG] 设备信息: {'currentPackageName': 'com.dragon.read', 'displayHeight': 1000, 'displayRotation': 0, 'displaySizeDpX': 853, 'displaySizeDpY': 533, 'displayWidth': 1600, 'productName': 'ASUS_I005DA', 'screenOn': True, 'sdkInt': 28, 'naturalOrientation': True}
[2026-03-05 10:43:11] [INFO] 点击搜索框
[2026-03-05 10:43:11] [DEBUG] 使用坐标点击搜索框: (307, 81)
[2026-03-05 10:43:11] [INFO] ✓ 搜索框已点击
[2026-03-05 10:43:22] [INFO] 连接 uiautomator2: 127.0.0.1:21503
[2026-03-05 10:43:23] [INFO] ✓ uiautomator2 已连接
[2026-03-05 10:43:23] [DEBUG] 设备信息: {'currentPackageName': 'com.dragon.read', 'displayHeight': 1000, 'displayRotation': 0, 'displaySizeDpX': 853, 'displaySizeDpY': 533, 'displayWidth': 1600, 'productName': 'ASUS_I005DA', 'screenOn': True, 'sdkInt': 28, 'naturalOrientation': True}
[2026-03-05 10:43:23] [INFO] 点击搜索框
[2026-03-05 10:43:23] [DEBUG] 使用坐标点击搜索框: (307, 81)
[2026-03-05 10:43:24] [INFO] ✓ 搜索框已点击
[2026-03-05 10:45:49] [INFO] 连接 uiautomator2: 127.0.0.1:21503
[2026-03-05 10:45:50] [INFO] ✓ uiautomator2 已连接
[2026-03-05 10:45:50] [DEBUG] 设备信息: {'currentPackageName': 'com.dragon.read', 'displayHeight': 1000, 'displayRotation': 0, 'displaySizeDpX': 853, 'displaySizeDpY': 533, 'displayWidth': 1600, 'productName': 'ASUS_I005DA', 'screenOn': True, 'sdkInt': 28, 'naturalOrientation': True}
[2026-03-05 10:45:50] [INFO] 点击搜索框
[2026-03-05 10:45:50] [DEBUG] 使用坐标点击搜索框: (307, 81)
[2026-03-05 10:45:51] [INFO] ✓ 搜索框已点击
[2026-03-05 10:46:53] [INFO] 连接 uiautomator2: 127.0.0.1:21503
[2026-03-05 10:46:54] [INFO] ✓ uiautomator2 已连接
[2026-03-05 10:46:54] [DEBUG] 设备信息: {'currentPackageName': 'com.dragon.read', 'displayHeight': 1000, 'displayRotation': 0, 'displaySizeDpX': 853, 'displaySizeDpY': 533, 'displayWidth': 1600, 'productName': 'ASUS_I005DA', 'screenOn': True, 'sdkInt': 28, 'naturalOrientation': True}
[2026-03-05 10:47:24] [INFO] 连接 uiautomator2: 127.0.0.1:21503
[2026-03-05 10:47:25] [INFO] ✓ uiautomator2 已连接
[2026-03-05 10:47:25] [DEBUG] 设备信息: {'currentPackageName': 'com.dragon.read', 'displayHeight': 1000, 'displayRotation': 0, 'displaySizeDpX': 853, 'displaySizeDpY': 533, 'displayWidth': 1600, 'productName': 'ASUS_I005DA', 'screenOn': True, 'sdkInt': 28, 'naturalOrientation': True}
[2026-03-05 10:47:25] [INFO] 点击搜索框
[2026-03-05 10:47:25] [DEBUG] 使用坐标点击搜索框: (307, 81)
[2026-03-05 10:47:26] [INFO] ✓ 搜索框已点击
[2026-03-05 10:48:09] [INFO] 连接 uiautomator2: 127.0.0.1:21503
[2026-03-05 10:48:10] [INFO] ✓ uiautomator2 已连接
[2026-03-05 10:48:10] [DEBUG] 设备信息: {'currentPackageName': 'com.dragon.read', 'displayHeight': 1000, 'displayRotation': 0, 'displaySizeDpX': 853, 'displaySizeDpY': 533, 'displayWidth': 1600, 'productName': 'ASUS_I005DA', 'screenOn': True, 'sdkInt': 28, 'naturalOrientation': True}
[2026-03-05 10:48:10] [INFO] 点击搜索框
[2026-03-05 10:48:10] [DEBUG] 使用坐标点击搜索框: (307, 81)
[2026-03-05 10:48:11] [INFO] ✓ 搜索框已点击
[2026-03-05 10:48:47] [INFO] 连接 uiautomator2: 127.0.0.1:21503
[2026-03-05 10:48:48] [INFO] ✓ uiautomator2 已连接
[2026-03-05 10:48:49] [DEBUG] 设备信息: {'currentPackageName': 'com.dragon.read', 'displayHeight': 1000, 'displayRotation': 0, 'displaySizeDpX': 853, 'displaySizeDpY': 533, 'displayWidth': 1600, 'productName': 'ASUS_I005DA', 'screenOn': True, 'sdkInt': 28, 'naturalOrientation': True}
[2026-03-05 10:48:49] [INFO] 点击搜索框
[2026-03-05 10:48:49] [DEBUG] 使用坐标点击搜索框: (307, 81)
[2026-03-05 10:48:49] [INFO] ✓ 搜索框已点击
[2026-03-05 10:50:44] [INFO] 连接 uiautomator2: 127.0.0.1:21503
[2026-03-05 10:50:45] [INFO] ✓ uiautomator2 已连接
[2026-03-05 10:50:45] [DEBUG] 设备信息: {'currentPackageName': 'com.dragon.read', 'displayHeight': 1000, 'displayRotation': 0, 'displaySizeDpX': 853, 'displaySizeDpY': 533, 'displayWidth': 1600, 'productName': 'ASUS_I005DA', 'screenOn': True, 'sdkInt': 28, 'naturalOrientation': True}
[2026-03-05 10:50:45] [INFO] 点击搜索框
[2026-03-05 10:50:45] [DEBUG] 使用坐标点击搜索框: (307, 81)
[2026-03-05 10:50:46] [INFO] ✓ 搜索框已点击
[2026-03-05 10:52:00] [INFO] 连接 uiautomator2: 127.0.0.1:21503
[2026-03-05 10:52:01] [INFO] ✓ uiautomator2 已连接
[2026-03-05 10:52:01] [DEBUG] 设备信息: {'currentPackageName': 'com.dragon.read', 'displayHeight': 1000, 'displayRotation': 0, 'displaySizeDpX': 853, 'displaySizeDpY': 533, 'displayWidth': 1600, 'productName': 'ASUS_I005DA', 'screenOn': True, 'sdkInt': 28, 'naturalOrientation': True}
[2026-03-05 10:52:01] [INFO] 点击搜索框
[2026-03-05 10:52:01] [DEBUG] 使用坐标点击搜索框: (307, 81)
[2026-03-05 10:52:02] [INFO] ✓ 搜索框已点击
[2026-03-05 11:07:14] [INFO] 连接 uiautomator2: 127.0.0.1:21503
[2026-03-05 11:07:15] [INFO] ✓ uiautomator2 已连接
[2026-03-05 11:07:15] [DEBUG] 设备信息: {'currentPackageName': 'com.dragon.read', 'displayHeight': 1000, 'displayRotation': 0, 'displaySizeDpX': 853, 'displaySizeDpY': 533, 'displayWidth': 1600, 'productName': 'ASUS_I005DA', 'screenOn': True, 'sdkInt': 28, 'naturalOrientation': True}
[2026-03-05 11:08:11] [INFO] 连接 uiautomator2: 127.0.0.1:21503
[2026-03-05 11:08:12] [INFO] ✓ uiautomator2 已连接
[2026-03-05 11:08:12] [DEBUG] 设备信息: {'currentPackageName': 'com.dragon.read', 'displayHeight': 1000, 'displayRotation': 0, 'displaySizeDpX': 853, 'displaySizeDpY': 533, 'displayWidth': 1600, 'productName': 'ASUS_I005DA', 'screenOn': True, 'sdkInt': 28, 'naturalOrientation': True}
[2026-03-05 11:08:12] [INFO] 点击搜索框
[2026-03-05 11:08:12] [DEBUG] 使用坐标点击搜索框: (307, 81)
[2026-03-05 11:08:13] [INFO] ✓ 搜索框已点击
[2026-03-05 11:09:44] [INFO] 连接 uiautomator2: 127.0.0.1:21503
[2026-03-05 11:09:45] [INFO] ✓ uiautomator2 已连接
[2026-03-05 11:09:45] [DEBUG] 设备信息: {'currentPackageName': 'com.dragon.read', 'displayHeight': 1000, 'displayRotation': 0, 'displaySizeDpX': 853, 'displaySizeDpY': 533, 'displayWidth': 1600, 'productName': 'ASUS_I005DA', 'screenOn': True, 'sdkInt': 28, 'naturalOrientation': True}
[2026-03-05 11:09:45] [INFO] 点击搜索框
[2026-03-05 11:09:45] [DEBUG] 使用坐标点击搜索框: (307, 81)
[2026-03-05 11:09:46] [INFO] ✓ 搜索框已点击
[2026-03-05 11:11:23] [INFO] 连接 uiautomator2: 127.0.0.1:21503
[2026-03-05 11:11:24] [INFO] ✓ uiautomator2 已连接
[2026-03-05 11:11:24] [DEBUG] 设备信息: {'currentPackageName': 'com.dragon.read', 'displayHeight': 1000, 'displayRotation': 0, 'displaySizeDpX': 853, 'displaySizeDpY': 533, 'displayWidth': 1600, 'productName': 'ASUS_I005DA', 'screenOn': True, 'sdkInt': 28, 'naturalOrientation': True}
[2026-03-05 11:11:24] [INFO] 点击搜索框
[2026-03-05 11:11:24] [DEBUG] 使用坐标点击搜索框: (307, 81)
[2026-03-05 11:11:25] [INFO] ✓ 搜索框已点击
[2026-03-05 11:13:12] [INFO] 连接 uiautomator2: 127.0.0.1:21503
[2026-03-05 11:13:13] [INFO] ✓ uiautomator2 已连接
[2026-03-05 11:13:13] [DEBUG] 设备信息: {'currentPackageName': 'com.dragon.read', 'displayHeight': 1000, 'displayRotation': 0, 'displaySizeDpX': 853, 'displaySizeDpY': 533, 'displayWidth': 1600, 'productName': 'ASUS_I005DA', 'screenOn': True, 'sdkInt': 28, 'naturalOrientation': True}
[2026-03-05 11:13:13] [INFO] 点击搜索框
[2026-03-05 11:13:13] [DEBUG] 使用坐标点击搜索框: (307, 81)
[2026-03-05 11:13:13] [INFO] ✓ 搜索框已点击
[2026-03-05 11:13:57] [INFO] 连接 uiautomator2: 127.0.0.1:21503
[2026-03-05 11:13:58] [INFO] ✓ uiautomator2 已连接
[2026-03-05 11:13:58] [DEBUG] 设备信息: {'currentPackageName': 'com.dragon.read', 'displayHeight': 1000, 'displayRotation': 0, 'displaySizeDpX': 853, 'displaySizeDpY': 533, 'displayWidth': 1600, 'productName': 'ASUS_I005DA', 'screenOn': True, 'sdkInt': 28, 'naturalOrientation': True}
[2026-03-05 11:13:58] [INFO] 点击搜索框
[2026-03-05 11:13:58] [DEBUG] 使用坐标点击搜索框: (307, 81)
[2026-03-05 11:13:59] [INFO] ✓ 搜索框已点击
[2026-03-05 11:15:13] [INFO] 连接 uiautomator2: 127.0.0.1:21503
[2026-03-05 11:15:14] [INFO] ✓ uiautomator2 已连接
[2026-03-05 11:15:14] [DEBUG] 设备信息: {'currentPackageName': 'com.dragon.read', 'displayHeight': 1000, 'displayRotation': 0, 'displaySizeDpX': 853, 'displaySizeDpY': 533, 'displayWidth': 1600, 'productName': 'ASUS_I005DA', 'screenOn': True, 'sdkInt': 28, 'naturalOrientation': True}
[2026-03-05 11:15:14] [INFO] 点击搜索框
[2026-03-05 11:15:14] [DEBUG] 使用坐标点击搜索框: (307, 81)
[2026-03-05 11:15:15] [INFO] ✓ 搜索框已点击
[2026-03-05 11:22:22] [INFO] 连接 uiautomator2: 127.0.0.1:21503
[2026-03-05 11:22:23] [INFO] ✓ uiautomator2 已连接
[2026-03-05 11:22:23] [DEBUG] 设备信息: {'currentPackageName': 'com.dragon.read', 'displayHeight': 1000, 'displayRotation': 0, 'displaySizeDpX': 853, 'displaySizeDpY': 533, 'displayWidth': 1600, 'productName': 'ASUS_I005DA', 'screenOn': True, 'sdkInt': 28, 'naturalOrientation': True}
[2026-03-05 11:25:03] [INFO] 连接 uiautomator2: 127.0.0.1:21503
[2026-03-05 11:25:05] [INFO] ✓ uiautomator2 已连接
[2026-03-05 11:25:05] [DEBUG] 设备信息: {'currentPackageName': 'com.dragon.read', 'displayHeight': 1000, 'displayRotation': 0, 'displaySizeDpX': 853, 'displaySizeDpY': 533, 'displayWidth': 1600, 'productName': 'ASUS_I005DA', 'screenOn': True, 'sdkInt': 28, 'naturalOrientation': True}
[2026-03-05 11:31:33] [INFO] 连接 uiautomator2: 127.0.0.1:21503
[2026-03-05 11:31:33] [INFO] ✓ uiautomator2 已连接
[2026-03-05 11:31:34] [DEBUG] 设备信息: {'currentPackageName': 'com.dragon.read', 'displayHeight': 1000, 'displayRotation': 0, 'displaySizeDpX': 853, 'displaySizeDpY': 533, 'displayWidth': 1600, 'productName': 'ASUS_I005DA', 'screenOn': True, 'sdkInt': 28, 'naturalOrientation': True}
[2026-03-05 11:31:56] [INFO] 连接 uiautomator2: 127.0.0.1:21503
[2026-03-05 11:31:57] [INFO] ✓ uiautomator2 已连接
[2026-03-05 11:31:57] [DEBUG] 设备信息: {'currentPackageName': 'com.dragon.read', 'displayHeight': 1000, 'displayRotation': 0, 'displaySizeDpX': 853, 'displaySizeDpY': 533, 'displayWidth': 1600, 'productName': 'ASUS_I005DA', 'screenOn': True, 'sdkInt': 28, 'naturalOrientation': True}
[2026-03-05 11:35:00] [INFO] 连接 uiautomator2: 127.0.0.1:21503
[2026-03-05 11:35:01] [INFO] ✓ uiautomator2 已连接
[2026-03-05 11:35:01] [DEBUG] 设备信息: {'currentPackageName': 'com.dragon.read', 'displayHeight': 1000, 'displayRotation': 0, 'displaySizeDpX': 853, 'displaySizeDpY': 533, 'displayWidth': 1600, 'productName': 'ASUS_I005DA', 'screenOn': True, 'sdkInt': 28, 'naturalOrientation': True}
[2026-03-05 11:35:55] [INFO] 连接 uiautomator2: 127.0.0.1:21503
[2026-03-05 11:35:56] [INFO] ✓ uiautomator2 已连接
[2026-03-05 11:35:56] [DEBUG] 设备信息: {'currentPackageName': 'com.dragon.read', 'displayHeight': 1000, 'displayRotation': 0, 'displaySizeDpX': 853, 'displaySizeDpY': 533, 'displayWidth': 1600, 'productName': 'ASUS_I005DA', 'screenOn': True, 'sdkInt': 28, 'naturalOrientation': True}
[2026-03-05 14:04:12] [INFO] 连接 uiautomator2: 127.0.0.1:21503
[2026-03-05 14:04:13] [INFO] ✓ uiautomator2 已连接
[2026-03-05 14:04:14] [DEBUG] 设备信息: {'currentPackageName': 'com.dragon.read', 'displayHeight': 1000, 'displayRotation': 0, 'displaySizeDpX': 853, 'displaySizeDpY': 533, 'displayWidth': 1600, 'productName': 'ASUS_I005DA', 'screenOn': True, 'sdkInt': 28, 'naturalOrientation': True}
[2026-03-05 15:03:39] [INFO] 连接 uiautomator2: 127.0.0.1:21503
[2026-03-05 15:03:42] [INFO] ✓ uiautomator2 已连接
[2026-03-05 15:03:42] [DEBUG] 设备信息: {'currentPackageName': 'com.dragon.read', 'displayHeight': 1000, 'displayRotation': 0, 'displaySizeDpX': 853, 'displaySizeDpY': 533, 'displayWidth': 1600, 'productName': 'ASUS_I005DA', 'screenOn': True, 'sdkInt': 28, 'naturalOrientation': True}
[2026-03-05 15:10:24] [INFO] 连接 uiautomator2: 127.0.0.1:21503
[2026-03-05 15:10:25] [INFO] ✓ uiautomator2 已连接
[2026-03-05 15:10:25] [DEBUG] 设备信息: {'currentPackageName': 'com.dragon.read', 'displayHeight': 1000, 'displayRotation': 0, 'displaySizeDpX': 853, 'displaySizeDpY': 533, 'displayWidth': 1600, 'productName': 'ASUS_I005DA', 'screenOn': True, 'sdkInt': 28, 'naturalOrientation': True}
[2026-03-05 15:11:12] [INFO] 连接 uiautomator2: 127.0.0.1:21503
[2026-03-05 15:11:13] [INFO] ✓ uiautomator2 已连接
[2026-03-05 15:11:13] [DEBUG] 设备信息: {'currentPackageName': 'com.dragon.read', 'displayHeight': 1000, 'displayRotation': 0, 'displaySizeDpX': 853, 'displaySizeDpY': 533, 'displayWidth': 1600, 'productName': 'ASUS_I005DA', 'screenOn': True, 'sdkInt': 28, 'naturalOrientation': True}
[2026-03-05 15:12:37] [INFO] 连接 uiautomator2: 127.0.0.1:21503
[2026-03-05 15:12:39] [INFO] ✓ uiautomator2 已连接
[2026-03-05 15:12:39] [DEBUG] 设备信息: {'currentPackageName': 'com.dragon.read', 'displayHeight': 1000, 'displayRotation': 0, 'displaySizeDpX': 853, 'displaySizeDpY': 533, 'displayWidth': 1600, 'productName': 'ASUS_I005DA', 'screenOn': True, 'sdkInt': 28, 'naturalOrientation': True}
[2026-03-05 15:13:32] [INFO] 连接 uiautomator2: 127.0.0.1:21503
[2026-03-05 15:13:33] [INFO] ✓ uiautomator2 已连接
[2026-03-05 15:13:33] [DEBUG] 设备信息: {'currentPackageName': 'com.dragon.read', 'displayHeight': 1000, 'displayRotation': 0, 'displaySizeDpX': 853, 'displaySizeDpY': 533, 'displayWidth': 1600, 'productName': 'ASUS_I005DA', 'screenOn': True, 'sdkInt': 28, 'naturalOrientation': True}
[2026-03-05 15:13:49] [INFO] 连接 uiautomator2: 127.0.0.1:21503
[2026-03-05 15:13:50] [INFO] ✓ uiautomator2 已连接
[2026-03-05 15:13:50] [DEBUG] 设备信息: {'currentPackageName': 'com.dragon.read', 'displayHeight': 1000, 'displayRotation': 0, 'displaySizeDpX': 853, 'displaySizeDpY': 533, 'displayWidth': 1600, 'productName': 'ASUS_I005DA', 'screenOn': True, 'sdkInt': 28, 'naturalOrientation': True}
[2026-03-05 15:19:57] [INFO] 连接 uiautomator2: 127.0.0.1:21503
[2026-03-05 15:19:58] [INFO] ✓ uiautomator2 已连接
[2026-03-05 15:19:58] [DEBUG] 设备信息: {'currentPackageName': 'com.dragon.read', 'displayHeight': 1000, 'displayRotation': 0, 'displaySizeDpX': 853, 'displaySizeDpY': 533, 'displayWidth': 1600, 'productName': 'ASUS_I005DA', 'screenOn': True, 'sdkInt': 28, 'naturalOrientation': True}
[2026-03-05 15:19:58] [INFO] 点击搜索框
[2026-03-05 15:19:58] [DEBUG] 使用坐标点击搜索框: (307, 81)
[2026-03-05 15:19:59] [INFO] ✓ 搜索框已点击
[2026-03-05 15:25:08] [INFO] 连接 uiautomator2: 127.0.0.1:21503
[2026-03-05 15:25:10] [INFO] ✓ uiautomator2 已连接
[2026-03-05 15:25:10] [DEBUG] 设备信息: {'currentPackageName': 'com.dragon.read', 'displayHeight': 1000, 'displayRotation': 0, 'displaySizeDpX': 853, 'displaySizeDpY': 533, 'displayWidth': 1600, 'productName': 'ASUS_I005DA', 'screenOn': True, 'sdkInt': 28, 'naturalOrientation': True}
[2026-03-05 15:27:37] [INFO] 连接 uiautomator2: 127.0.0.1:21503
[2026-03-05 15:27:38] [INFO] ✓ uiautomator2 已连接
[2026-03-05 15:27:39] [DEBUG] 设备信息: {'currentPackageName': 'com.dragon.read', 'displayHeight': 1000, 'displayRotation': 0, 'displaySizeDpX': 853, 'displaySizeDpY': 533, 'displayWidth': 1600, 'productName': 'ASUS_I005DA', 'screenOn': True, 'sdkInt': 28, 'naturalOrientation': True}
[2026-03-05 15:27:39] [INFO] 点击搜索框
[2026-03-05 15:27:39] [DEBUG] 使用坐标点击搜索框: (307, 81)
[2026-03-05 15:27:40] [INFO] ✓ 搜索框已点击
[2026-03-05 15:35:55] [INFO] 连接 uiautomator2: 127.0.0.1:21503
[2026-03-05 15:35:56] [INFO] ✓ uiautomator2 已连接
[2026-03-05 15:35:56] [DEBUG] 设备信息: {'currentPackageName': 'com.dragon.read', 'displayHeight': 1000, 'displayRotation': 0, 'displaySizeDpX': 853, 'displaySizeDpY': 533, 'displayWidth': 1600, 'productName': 'ASUS_I005DA', 'screenOn': True, 'sdkInt': 28, 'naturalOrientation': True}
[2026-03-05 15:35:56] [INFO] 点击搜索框
[2026-03-05 15:35:56] [DEBUG] 使用坐标点击搜索框: (307, 81)
[2026-03-05 15:35:57] [INFO] ✓ 搜索框已点击
[2026-03-05 15:43:03] [INFO] 连接 uiautomator2: 127.0.0.1:21503
[2026-03-05 15:43:04] [INFO] ✓ uiautomator2 已连接
[2026-03-05 15:43:04] [DEBUG] 设备信息: {'currentPackageName': 'com.dragon.read', 'displayHeight': 1000, 'displayRotation': 0, 'displaySizeDpX': 853, 'displaySizeDpY': 533, 'displayWidth': 1600, 'productName': 'ASUS_I005DA', 'screenOn': True, 'sdkInt': 28, 'naturalOrientation': True}
[2026-03-05 15:43:04] [INFO] 点击搜索框
[2026-03-05 15:43:04] [DEBUG] 使用坐标点击搜索框: (307, 81)
[2026-03-05 15:43:05] [INFO] ✓ 搜索框已点击
[2026-03-05 15:49:20] [INFO] 连接 uiautomator2: 127.0.0.1:21503
[2026-03-05 15:49:21] [INFO] ✓ uiautomator2 已连接
[2026-03-05 15:49:21] [DEBUG] 设备信息: {'currentPackageName': 'com.dragon.read', 'displayHeight': 1000, 'displayRotation': 0, 'displaySizeDpX': 853, 'displaySizeDpY': 533, 'displayWidth': 1600, 'productName': 'ASUS_I005DA', 'screenOn': True, 'sdkInt': 28, 'naturalOrientation': True}
[2026-03-05 15:49:21] [INFO] 点击搜索框
[2026-03-05 15:49:21] [DEBUG] 使用坐标点击搜索框: (307, 81)
[2026-03-05 15:49:22] [INFO] ✓ 搜索框已点击
[2026-03-05 15:50:54] [INFO] 连接 uiautomator2: 127.0.0.1:21503
[2026-03-05 15:50:55] [INFO] ✓ uiautomator2 已连接
[2026-03-05 15:50:55] [DEBUG] 设备信息: {'currentPackageName': 'com.dragon.read', 'displayHeight': 1000, 'displayRotation': 0, 'displaySizeDpX': 853, 'displaySizeDpY': 533, 'displayWidth': 1600, 'productName': 'ASUS_I005DA', 'screenOn': True, 'sdkInt': 28, 'naturalOrientation': True}
[2026-03-05 15:50:55] [INFO] 点击搜索框
[2026-03-05 15:50:55] [DEBUG] 使用坐标点击搜索框: (307, 81)
[2026-03-05 15:50:56] [INFO] ✓ 搜索框已点击
[2026-03-05 15:53:13] [INFO] 连接 uiautomator2: 127.0.0.1:21503
[2026-03-05 15:53:15] [INFO] ✓ uiautomator2 已连接
[2026-03-05 15:53:16] [DEBUG] 设备信息: {'currentPackageName': 'com.dragon.read', 'displayHeight': 1000, 'displayRotation': 0, 'displaySizeDpX': 853, 'displaySizeDpY': 533, 'displayWidth': 1600, 'productName': 'ASUS_I005DA', 'screenOn': True, 'sdkInt': 28, 'naturalOrientation': True}
[2026-03-05 15:53:16] [INFO] 点击搜索框
[2026-03-05 15:53:16] [DEBUG] 使用坐标点击搜索框: (307, 81)
[2026-03-05 15:53:17] [INFO] ✓ 搜索框已点击
[2026-03-05 15:53:54] [INFO] 连接 uiautomator2: 127.0.0.1:21503
[2026-03-05 15:53:55] [INFO] ✓ uiautomator2 已连接
[2026-03-05 15:53:55] [DEBUG] 设备信息: {'currentPackageName': 'com.dragon.read', 'displayHeight': 1000, 'displayRotation': 0, 'displaySizeDpX': 853, 'displaySizeDpY': 533, 'displayWidth': 1600, 'productName': 'ASUS_I005DA', 'screenOn': True, 'sdkInt': 28, 'naturalOrientation': True}
[2026-03-05 15:53:55] [INFO] 点击搜索框
[2026-03-05 15:53:55] [DEBUG] 使用坐标点击搜索框: (307, 81)
[2026-03-05 15:53:56] [INFO] ✓ 搜索框已点击
[2026-03-05 16:00:15] [INFO] 连接 uiautomator2: 127.0.0.1:21503
[2026-03-05 16:00:16] [INFO] ✓ uiautomator2 已连接
[2026-03-05 16:00:16] [DEBUG] 设备信息: {'currentPackageName': 'com.dragon.read', 'displayHeight': 1000, 'displayRotation': 0, 'displaySizeDpX': 853, 'displaySizeDpY': 533, 'displayWidth': 1600, 'productName': 'ASUS_I005DA', 'screenOn': True, 'sdkInt': 28, 'naturalOrientation': True}
[2026-03-05 16:00:16] [INFO] 点击搜索框
[2026-03-05 16:00:16] [DEBUG] 使用坐标点击搜索框: (307, 81)
[2026-03-05 16:00:17] [INFO] ✓ 搜索框已点击
[2026-03-05 16:01:41] [INFO] 连接 uiautomator2: 127.0.0.1:21503
[2026-03-05 16:01:42] [INFO] ✓ uiautomator2 已连接
[2026-03-05 16:01:43] [DEBUG] 设备信息: {'currentPackageName': 'com.dragon.read', 'displayHeight': 1000, 'displayRotation': 0, 'displaySizeDpX': 853, 'displaySizeDpY': 533, 'displayWidth': 1600, 'productName': 'ASUS_I005DA', 'screenOn': True, 'sdkInt': 28, 'naturalOrientation': True}
[2026-03-05 16:01:43] [INFO] 点击搜索框
[2026-03-05 16:01:43] [DEBUG] 使用坐标点击搜索框: (307, 81)
[2026-03-05 16:01:44] [INFO] ✓ 搜索框已点击
[2026-03-05 16:09:37] [INFO] 连接 uiautomator2: 127.0.0.1:21503
[2026-03-05 16:09:38] [INFO] ✓ uiautomator2 已连接
[2026-03-05 16:09:39] [DEBUG] 设备信息: {'currentPackageName': 'com.dragon.read', 'displayHeight': 1000, 'displayRotation': 0, 'displaySizeDpX': 853, 'displaySizeDpY': 533, 'displayWidth': 1600, 'productName': 'ASUS_I005DA', 'screenOn': True, 'sdkInt': 28, 'naturalOrientation': True}
[2026-03-05 16:09:39] [INFO] 点击搜索框
[2026-03-05 16:09:39] [DEBUG] 使用坐标点击搜索框: (307, 81)
[2026-03-05 16:09:40] [INFO] ✓ 搜索框已点击
[2026-03-05 16:19:00] [INFO] 连接 uiautomator2: 127.0.0.1:21503
[2026-03-05 16:19:01] [INFO] ✓ uiautomator2 已连接
[2026-03-05 16:19:01] [DEBUG] 设备信息: {'currentPackageName': 'com.dragon.read', 'displayHeight': 1000, 'displayRotation': 0, 'displaySizeDpX': 853, 'displaySizeDpY': 533, 'displayWidth': 1600, 'productName': 'ASUS_I005DA', 'screenOn': True, 'sdkInt': 28, 'naturalOrientation': True}
[2026-03-05 16:19:02] [INFO] 点击搜索框
[2026-03-05 16:19:02] [DEBUG] 使用坐标点击搜索框: (307, 81)
[2026-03-05 16:19:03] [INFO] ✓ 搜索框已点击
[2026-03-05 16:29:20] [INFO] 连接 uiautomator2: 127.0.0.1:21503
[2026-03-05 16:29:22] [INFO] ✓ uiautomator2 已连接
[2026-03-05 16:29:22] [DEBUG] 设备信息: {'currentPackageName': 'com.dragon.read', 'displayHeight': 1000, 'displayRotation': 0, 'displaySizeDpX': 853, 'displaySizeDpY': 533, 'displayWidth': 1600, 'productName': 'ASUS_I005DA', 'screenOn': True, 'sdkInt': 28, 'naturalOrientation': True}
[2026-03-05 16:29:23] [INFO] 点击搜索框
[2026-03-05 16:29:23] [DEBUG] 使用坐标点击搜索框: (307, 81)
[2026-03-05 16:29:23] [INFO] ✓ 搜索框已点击
[2026-03-06 10:10:08] [INFO] 连接 uiautomator2: 127.0.0.1:21503
[2026-03-06 10:10:10] [INFO] ✓ uiautomator2 已连接
[2026-03-06 10:10:10] [DEBUG] 设备信息: {'currentPackageName': 'com.dragon.read', 'displayHeight': 1000, 'displayRotation': 0, 'displaySizeDpX': 853, 'displaySizeDpY': 533, 'displayWidth': 1600, 'productName': 'ASUS_I005DA', 'screenOn': True, 'sdkInt': 28, 'naturalOrientation': True}
[2026-03-06 10:10:10] [INFO] 点击搜索框
[2026-03-06 10:10:10] [DEBUG] 使用坐标点击搜索框: (307, 81)
[2026-03-06 10:10:11] [INFO] ✓ 搜索框已点击
[2026-03-06 10:10:35] [INFO] 连接 uiautomator2: 127.0.0.1:21503
[2026-03-06 10:10:36] [INFO] ✓ uiautomator2 已连接
[2026-03-06 10:10:36] [DEBUG] 设备信息: {'currentPackageName': 'com.dragon.read', 'displayHeight': 1000, 'displayRotation': 0, 'displaySizeDpX': 853, 'displaySizeDpY': 533, 'displayWidth': 1600, 'productName': 'ASUS_I005DA', 'screenOn': True, 'sdkInt': 28, 'naturalOrientation': True}
[2026-03-06 10:10:37] [INFO] 点击搜索框
[2026-03-06 10:10:37] [DEBUG] 使用坐标点击搜索框: (307, 81)
[2026-03-06 10:10:38] [INFO] ✓ 搜索框已点击
[2026-03-06 10:11:02] [INFO] 连接 uiautomator2: 127.0.0.1:21503
[2026-03-06 10:11:03] [INFO] ✓ uiautomator2 已连接
[2026-03-06 10:11:03] [DEBUG] 设备信息: {'currentPackageName': 'com.dragon.read', 'displayHeight': 1000, 'displayRotation': 0, 'displaySizeDpX': 853, 'displaySizeDpY': 533, 'displayWidth': 1600, 'productName': 'ASUS_I005DA', 'screenOn': True, 'sdkInt': 28, 'naturalOrientation': True}
[2026-03-06 10:11:03] [INFO] 点击搜索框
[2026-03-06 10:11:03] [DEBUG] 使用坐标点击搜索框: (307, 81)
[2026-03-06 10:11:04] [INFO] ✓ 搜索框已点击
[2026-03-06 10:22:53] [INFO] 连接 uiautomator2: 127.0.0.1:21503
[2026-03-06 10:22:54] [INFO] ✓ uiautomator2 已连接
[2026-03-06 10:22:54] [DEBUG] 设备信息: {'currentPackageName': 'com.dragon.read', 'displayHeight': 1000, 'displayRotation': 0, 'displaySizeDpX': 853, 'displaySizeDpY': 533, 'displayWidth': 1600, 'productName': 'ASUS_I005DA', 'screenOn': True, 'sdkInt': 28, 'naturalOrientation': True}
[2026-03-06 10:22:54] [INFO] 点击搜索框
[2026-03-06 10:22:54] [DEBUG] 使用坐标点击搜索框: (307, 81)
[2026-03-06 10:22:55] [INFO] ✓ 搜索框已点击
[2026-03-06 10:23:57] [INFO] 连接 uiautomator2: 127.0.0.1:21503
[2026-03-06 10:23:58] [INFO] ✓ uiautomator2 已连接
[2026-03-06 10:23:58] [DEBUG] 设备信息: {'currentPackageName': 'com.dragon.read', 'displayHeight': 1000, 'displayRotation': 0, 'displaySizeDpX': 853, 'displaySizeDpY': 533, 'displayWidth': 1600, 'productName': 'ASUS_I005DA', 'screenOn': True, 'sdkInt': 28, 'naturalOrientation': True}
[2026-03-06 10:23:58] [INFO] 点击搜索框
[2026-03-06 10:23:58] [DEBUG] 使用坐标点击搜索框: (307, 81)
[2026-03-06 10:23:59] [INFO] ✓ 搜索框已点击
[2026-03-06 10:25:11] [INFO] 连接 uiautomator2: 127.0.0.1:21503
[2026-03-06 10:25:12] [INFO] ✓ uiautomator2 已连接
[2026-03-06 10:25:13] [DEBUG] 设备信息: {'currentPackageName': 'com.dragon.read', 'displayHeight': 1000, 'displayRotation': 0, 'displaySizeDpX': 853, 'displaySizeDpY': 533, 'displayWidth': 1600, 'productName': 'ASUS_I005DA', 'screenOn': True, 'sdkInt': 28, 'naturalOrientation': True}
[2026-03-06 10:25:13] [INFO] 点击搜索框
[2026-03-06 10:25:13] [DEBUG] 使用坐标点击搜索框: (307, 81)
[2026-03-06 10:25:14] [INFO] ✓ 搜索框已点击
[2026-03-06 10:34:56] [INFO] 连接 uiautomator2: 127.0.0.1:21503
[2026-03-06 10:34:57] [INFO] ✓ uiautomator2 已连接
[2026-03-06 10:34:57] [DEBUG] 设备信息: {'currentPackageName': 'com.dragon.read', 'displayHeight': 1000, 'displayRotation': 0, 'displaySizeDpX': 853, 'displaySizeDpY': 533, 'displayWidth': 1600, 'productName': 'ASUS_I005DA', 'screenOn': True, 'sdkInt': 28, 'naturalOrientation': True}
[2026-03-06 10:34:57] [INFO] 点击搜索框
[2026-03-06 10:34:57] [DEBUG] 使用坐标点击搜索框: (307, 81)
[2026-03-06 10:34:58] [INFO] ✓ 搜索框已点击
[2026-03-06 10:47:38] [INFO] 连接 uiautomator2: 127.0.0.1:21503
[2026-03-06 10:47:39] [INFO] ✓ uiautomator2 已连接
[2026-03-06 10:47:39] [DEBUG] 设备信息: {'currentPackageName': 'android', 'displayHeight': 1000, 'displayRotation': 0, 'displaySizeDpX': 853, 'displaySizeDpY': 533, 'displayWidth': 1600, 'productName': 'ASUS_I005DA', 'screenOn': True, 'sdkInt': 28, 'naturalOrientation': True}
[2026-03-06 10:47:39] [INFO] 点击搜索框
[2026-03-06 10:47:39] [DEBUG] 使用坐标点击搜索框: (307, 81)
[2026-03-06 10:47:40] [INFO] ✓ 搜索框已点击
[2026-03-06 10:56:17] [INFO] 连接 uiautomator2: 127.0.0.1:21503
[2026-03-06 10:56:19] [INFO] ✓ uiautomator2 已连接
[2026-03-06 10:56:19] [DEBUG] 设备信息: {'currentPackageName': 'com.dragon.read', 'displayHeight': 1000, 'displayRotation': 0, 'displaySizeDpX': 853, 'displaySizeDpY': 533, 'displayWidth': 1600, 'productName': 'ASUS_I005DA', 'screenOn': True, 'sdkInt': 28, 'naturalOrientation': True}
[2026-03-06 10:56:19] [INFO] 点击搜索框
[2026-03-06 10:56:19] [DEBUG] 使用坐标点击搜索框: (307, 81)
[2026-03-06 10:56:20] [INFO] ✓ 搜索框已点击
[2026-03-09 15:47:13] [INFO] 连接 uiautomator2: 127.0.0.1:21503
[2026-03-09 15:47:14] [INFO] ✓ uiautomator2 已连接
[2026-03-09 15:47:14] [DEBUG] 设备信息: {'currentPackageName': 'com.dragon.read', 'displayHeight': 1000, 'displayRotation': 0, 'displaySizeDpX': 853, 'displaySizeDpY': 533, 'displayWidth': 1600, 'productName': 'ASUS_I005DA', 'screenOn': True, 'sdkInt': 28, 'naturalOrientation': True}
[2026-03-09 15:47:14] [INFO] 点击搜索框
[2026-03-09 15:47:14] [DEBUG] 使用坐标点击搜索框: (307, 81)
[2026-03-09 15:47:15] [INFO] ✓ 搜索框已点击
[2026-03-09 15:50:30] [INFO] 连接 uiautomator2: 127.0.0.1:21503
[2026-03-09 15:50:31] [INFO] ✓ uiautomator2 已连接
[2026-03-09 15:50:31] [DEBUG] 设备信息: {'currentPackageName': 'com.dragon.read', 'displayHeight': 1000, 'displayRotation': 0, 'displaySizeDpX': 853, 'displaySizeDpY': 533, 'displayWidth': 1600, 'productName': 'ASUS_I005DA', 'screenOn': True, 'sdkInt': 28, 'naturalOrientation': True}
[2026-03-09 15:50:34] [INFO] 点击搜索框
[2026-03-09 15:50:34] [DEBUG] 使用坐标点击搜索框: (307, 81)
[2026-03-09 15:50:35] [INFO] ✓ 搜索框已点击
[2026-03-09 15:53:36] [INFO] 连接 uiautomator2: 127.0.0.1:21503
[2026-03-09 15:53:37] [INFO] ✓ uiautomator2 已连接
[2026-03-09 15:53:37] [DEBUG] 设备信息: {'currentPackageName': 'com.dragon.read', 'displayHeight': 1000, 'displayRotation': 0, 'displaySizeDpX': 853, 'displaySizeDpY': 533, 'displayWidth': 1600, 'productName': 'ASUS_I005DA', 'screenOn': True, 'sdkInt': 28, 'naturalOrientation': True}
[2026-03-09 15:53:45] [INFO] 点击搜索框
[2026-03-09 15:53:45] [DEBUG] 使用坐标点击搜索框: (307, 81)
[2026-03-09 15:53:45] [INFO] ✓ 搜索框已点击
[2026-03-09 15:55:33] [INFO] 连接 uiautomator2: 127.0.0.1:21503
[2026-03-09 15:55:34] [INFO] ✓ uiautomator2 已连接
[2026-03-09 15:55:34] [DEBUG] 设备信息: {'currentPackageName': 'com.dragon.read', 'displayHeight': 1000, 'displayRotation': 0, 'displaySizeDpX': 853, 'displaySizeDpY': 533, 'displayWidth': 1600, 'productName': 'ASUS_I005DA', 'screenOn': True, 'sdkInt': 28, 'naturalOrientation': True}
[2026-03-09 15:55:34] [INFO] 点击搜索框
[2026-03-09 15:55:34] [DEBUG] 使用坐标点击搜索框: (307, 81)
[2026-03-09 15:55:35] [INFO] ✓ 搜索框已点击
