[2026-03-09 15:47:10] [INFO] ============================================================
[2026-03-09 15:47:10] [INFO] 番茄小说 App 自动化 - 获取用户基本信息
[2026-03-09 15:47:10] [INFO] ============================================================
[2026-03-09 15:47:10] [INFO] 搜索作者: 小包冲冲冲
[2026-03-09 15:47:10] [INFO] 
[0] 清空 Charles 抓包...
[2026-03-09 15:47:12] [INFO] ✓ Charles 抓包已清空
[2026-03-09 15:47:12] [INFO] 
[1] 初始化设备...
[2026-03-09 15:47:12] [INFO] ✓ 设备已连接
[2026-03-09 15:47:13] [INFO]   设备信息: {'Android版本': '9', '设备型号': '', '序列号': '27510164', 'Build ID': 'PI'}
[2026-03-09 15:47:13] [INFO] 
[2] 初始化 App 控制器...
[2026-03-09 15:47:14] [INFO] 
[3] 执行自动化操作...
[2026-03-09 15:47:14] [INFO] 
--- 操作 1: 点击搜索框 ---
[2026-03-09 15:47:15] [INFO] ✓ 搜索框点击成功
[2026-03-09 15:47:15] [INFO] 
--- 操作 2: 输入作者名称 '小包冲冲冲' ---
[2026-03-09 15:47:22] [WARNING] 首次输入未校验通过，重试输入一次...
[2026-03-09 15:47:23] [INFO] ✓ 输入并校验完成
[2026-03-09 15:47:23] [INFO] 
--- 操作 3: 点击搜索按钮 ---
[2026-03-09 15:47:24] [INFO] ✓ 已点击搜索按钮
[2026-03-09 15:47:27] [INFO] 
--- 操作 4: 切换到用户标签 ---
[2026-03-09 15:47:28] [INFO] ✓ 已点击用户标签
[2026-03-09 15:47:29] [INFO] 
--- 操作 5: 点击第一条用户条目 ---
[2026-03-09 15:47:38] [ERROR] ✗ 未找到用户列表条目，终止操作
[2026-03-09 15:47:38] [INFO] 
[4] 程序结束
[2026-03-09 15:50:21] [INFO] ============================================================
[2026-03-09 15:50:21] [INFO] 番茄小说 App 自动化 - 获取用户基本信息
[2026-03-09 15:50:22] [INFO] ============================================================
[2026-03-09 15:50:22] [INFO] 搜索作者: 小包冲冲冲
[2026-03-09 15:50:22] [INFO] 
[0] 预清空 Charles 抓包（初始化前）...
[2026-03-09 15:50:29] [INFO] ✓ Charles 抓包已清空
[2026-03-09 15:50:29] [INFO] 
[1] 初始化设备...
[2026-03-09 15:50:29] [INFO] ✓ 设备已连接
[2026-03-09 15:50:30] [INFO]   设备信息: {'Android版本': '9', '设备型号': '', '序列号': '27510164', 'Build ID': 'PI'}
[2026-03-09 15:50:30] [INFO] 
[2] 初始化 App 控制器...
[2026-03-09 15:50:31] [INFO] 
[3] 执行自动化操作...
[2026-03-09 15:50:31] [INFO] --- 清空 Charles（自动化开始前）---
[2026-03-09 15:50:34] [INFO] ✓ Charles 抓包已清空
[2026-03-09 15:50:34] [INFO] ✓ Charles 已就绪
[2026-03-09 15:50:34] [INFO] 
--- 操作 1: 点击搜索框 ---
[2026-03-09 15:50:35] [INFO] ✓ 搜索框点击成功
[2026-03-09 15:50:35] [INFO] 
--- 操作 2: 输入作者名称 '小包冲冲冲' ---
[2026-03-09 15:50:42] [WARNING] 首次输入未校验通过，重试输入一次...
[2026-03-09 15:50:43] [INFO] ✓ 输入并校验完成
[2026-03-09 15:50:43] [INFO] 
--- 操作 3: 点击搜索按钮 ---
[2026-03-09 15:50:44] [INFO] ✓ 已点击搜索按钮
[2026-03-09 15:50:46] [INFO] 
--- 操作 4: 切换到用户标签 ---
[2026-03-09 15:50:47] [INFO] ✓ 已点击用户标签
[2026-03-09 15:50:49] [INFO] 
--- 操作 5: 点击第一条用户条目 ---
[2026-03-09 15:50:50] [INFO] ✓ 已点击用户条目 (description=小包冲冲冲)
[2026-03-09 15:50:51] [INFO] 
--- 操作 6: 等待 3 秒（等待接口触发）---
[2026-03-09 15:50:54] [INFO] ✓ 等待完成
[2026-03-09 15:50:54] [INFO] 
--- 操作 7: 回退 3 次 ---
[2026-03-09 15:50:54] [INFO] ✓ 已执行第 1/3 次回退
[2026-03-09 15:50:55] [INFO] ✓ 已执行第 2/3 次回退
[2026-03-09 15:50:55] [INFO] ✓ 已执行第 3/3 次回退
[2026-03-09 15:50:56] [INFO] 
--- 操作 8: 导出 Charles 并提取用户信息 ---
[2026-03-09 15:51:01] [ERROR] 导出 Charles 抓包失败: 503 Server Error: Service Unavailable for url: http://control.charles/session/export-json
[2026-03-09 15:51:01] [ERROR] 导出或提取用户信息失败
[2026-03-09 15:51:01] [INFO] 
[4] 程序结束
[2026-03-09 15:53:31] [INFO] ============================================================
[2026-03-09 15:53:31] [INFO] 番茄小说 App 自动化 - 获取用户基本信息
[2026-03-09 15:53:31] [INFO] ============================================================
[2026-03-09 15:53:31] [INFO] 搜索作者: 小包冲冲冲
[2026-03-09 15:53:31] [INFO] 
[0] 预清空 Charles 抓包（初始化前）...
[2026-03-09 15:53:35] [INFO] ✓ Charles 抓包已清空
[2026-03-09 15:53:35] [INFO] 
[1] 初始化设备...
[2026-03-09 15:53:35] [INFO] ✓ 设备已连接
[2026-03-09 15:53:36] [INFO]   设备信息: {'Android版本': '9', '设备型号': '', '序列号': '27510164', 'Build ID': 'PI'}
[2026-03-09 15:53:36] [INFO] 
[2] 初始化 App 控制器...
[2026-03-09 15:53:37] [INFO] 
[3] 执行自动化操作...
[2026-03-09 15:53:37] [INFO] --- 清空 Charles（自动化开始前）---
[2026-03-09 15:53:44] [INFO] ✓ Charles 抓包已清空
[2026-03-09 15:53:44] [INFO] ✓ Charles 已就绪
[2026-03-09 15:53:44] [INFO] 
--- 操作 1: 点击搜索框 ---
[2026-03-09 15:53:45] [INFO] ✓ 搜索框点击成功
[2026-03-09 15:53:46] [INFO] 
--- 操作 2: 输入作者名称 '小包冲冲冲' ---
[2026-03-09 15:53:51] [WARNING] 首次输入未校验通过，重试输入一次...
[2026-03-09 15:53:53] [INFO] ✓ 输入并校验完成
[2026-03-09 15:53:53] [INFO] 
--- 操作 3: 点击搜索按钮 ---
[2026-03-09 15:53:53] [INFO] ✓ 已点击搜索按钮
[2026-03-09 15:53:56] [INFO] 
--- 操作 4: 切换到用户标签 ---
[2026-03-09 15:53:57] [INFO] ✓ 已点击用户标签
[2026-03-09 15:54:00] [INFO] 
--- 操作 5: 点击第一条用户条目 ---
[2026-03-09 15:54:01] [INFO] ✓ 已点击用户条目 (description=小包冲冲冲)
[2026-03-09 15:54:02] [INFO] 
--- 操作 6: 等待 3 秒（等待接口触发）---
[2026-03-09 15:54:05] [INFO] ✓ 等待完成
[2026-03-09 15:54:05] [INFO] 
--- 操作 7: 回退 3 次 ---
[2026-03-09 15:54:05] [INFO] ✓ 已执行第 1/3 次回退
[2026-03-09 15:54:05] [INFO] ✓ 已执行第 2/3 次回退
[2026-03-09 15:54:06] [INFO] ✓ 已执行第 3/3 次回退
[2026-03-09 15:54:07] [INFO] 
--- 操作 8: 导出 Charles 并提取用户信息 ---
[2026-03-09 15:54:12] [ERROR] 导出 Charles 抓包失败: 503 Server Error: Service Unavailable for url: http://control.charles/session/export-json
[2026-03-09 15:54:12] [ERROR] 导出或提取用户信息失败
[2026-03-09 15:54:12] [INFO] 
[4] 程序结束
[2026-03-09 15:55:32] [INFO] ============================================================
[2026-03-09 15:55:32] [INFO] 番茄小说 App 自动化 - 获取用户基本信息
[2026-03-09 15:55:32] [INFO] ============================================================
[2026-03-09 15:55:32] [INFO] 搜索作者: 小包冲冲冲
[2026-03-09 15:55:32] [INFO] 
[0] 预清空 Charles 抓包（初始化前）...
[2026-03-09 15:55:32] [INFO] ✓ Charles 抓包已清空
[2026-03-09 15:55:32] [INFO] 
[1] 初始化设备...
[2026-03-09 15:55:32] [INFO] ✓ 设备已连接
[2026-03-09 15:55:33] [INFO]   设备信息: {'Android版本': '9', '设备型号': '', '序列号': '27510164', 'Build ID': 'PI'}
[2026-03-09 15:55:33] [INFO] 
[2] 初始化 App 控制器...
[2026-03-09 15:55:34] [INFO] 
[3] 执行自动化操作...
[2026-03-09 15:55:34] [INFO] --- 清空 Charles（自动化开始前）---
[2026-03-09 15:55:34] [INFO] ✓ Charles 抓包已清空
[2026-03-09 15:55:34] [INFO] ✓ Charles 已就绪
[2026-03-09 15:55:34] [INFO] 
--- 操作 1: 点击搜索框 ---
[2026-03-09 15:55:35] [INFO] ✓ 搜索框点击成功
[2026-03-09 15:55:36] [INFO] 
--- 操作 2: 输入作者名称 '小包冲冲冲' ---
[2026-03-09 15:55:38] [INFO] ✓ 输入并校验完成
[2026-03-09 15:55:38] [INFO] 
--- 操作 3: 点击搜索按钮 ---
[2026-03-09 15:55:39] [INFO] ✓ 已点击搜索按钮
[2026-03-09 15:55:41] [INFO] 
--- 操作 4: 切换到用户标签 ---
[2026-03-09 15:55:41] [INFO] ✓ 已点击用户标签
[2026-03-09 15:55:44] [INFO] 
--- 操作 5: 点击第一条用户条目 ---
[2026-03-09 15:55:45] [INFO] ✓ 已点击用户条目 (description=小包冲冲冲)
[2026-03-09 15:55:45] [INFO] 
--- 操作 6: 等待 3 秒（等待接口触发）---
[2026-03-09 15:55:48] [INFO] ✓ 等待完成
[2026-03-09 15:55:48] [INFO] 
--- 操作 7: 回退 3 次 ---
[2026-03-09 15:55:48] [INFO] ✓ 已执行第 1/3 次回退
[2026-03-09 15:55:49] [INFO] ✓ 已执行第 2/3 次回退
[2026-03-09 15:55:50] [INFO] ✓ 已执行第 3/3 次回退
[2026-03-09 15:55:50] [INFO] 
--- 操作 8: 导出 Charles 并提取用户信息 ---
[2026-03-09 15:55:51] [INFO] ✓ Charles 导出完成: data\charles_export_filtered.json
[2026-03-09 15:55:51] [INFO] user/basic_info/get 命中条数: 1
[2026-03-09 15:55:51] [INFO] ✓ 用户信息已保存: data\userInfo\小包冲冲冲_info.json
[2026-03-09 15:55:51] [INFO] 
✓ 所有操作完成
[2026-03-09 15:55:51] [INFO] 
[4] 程序结束
