[2026-03-05 11:34:59] [INFO] ============================================================
[2026-03-05 11:34:59] [INFO] 获取分类列表脚本
[2026-03-05 11:34:59] [INFO] ============================================================
[2026-03-05 11:34:59] [INFO] 
[1] 初始化设备...
[2026-03-05 11:35:00] [INFO] ✓ 设备已连接
[2026-03-05 11:35:00] [INFO] 
[2] 初始化 App 控制器...
[2026-03-05 11:35:01] [INFO] 
[3] 执行操作...
[2026-03-05 11:35:01] [INFO] 
--- 操作 1: 点击主页面分类 ---
[2026-03-05 11:35:05] [INFO] ✓ 已点击分类（坐标兜底）
[2026-03-05 11:35:05] [INFO] 
--- 操作 2: 等待3秒 ---
[2026-03-05 11:35:54] [INFO] ============================================================
[2026-03-05 11:35:54] [INFO] 获取分类列表脚本
[2026-03-05 11:35:54] [INFO] ============================================================
[2026-03-05 11:35:54] [INFO] 
[1] 初始化设备...
[2026-03-05 11:35:55] [INFO] ✓ 设备已连接
[2026-03-05 11:35:55] [INFO] 
[2] 初始化 App 控制器...
[2026-03-05 11:35:56] [INFO] 
[3] 执行操作...
[2026-03-05 11:35:56] [INFO] 
--- 操作 1: 点击主页面分类 ---
[2026-03-05 11:35:57] [INFO] ✓ 已点击分类（resourceId）
[2026-03-05 11:35:57] [INFO] 
--- 操作 2: 等待3秒 ---
[2026-03-05 11:36:00] [INFO] ✓ 等待完成
[2026-03-05 11:36:00] [INFO] 
--- 操作 3: 回退一次 ---
[2026-03-05 11:36:01] [INFO] ✓ 已执行回退
[2026-03-05 11:36:01] [INFO] 
✓ 所有操作完成
[2026-03-05 14:04:12] [INFO] ============================================================
[2026-03-05 14:04:12] [INFO] 获取分类列表脚本
[2026-03-05 14:04:12] [INFO] ============================================================
[2026-03-05 14:04:12] [INFO] 
[1] 初始化设备...
[2026-03-05 14:04:12] [INFO] ✓ 设备已连接
[2026-03-05 14:04:12] [INFO] 
[2] 初始化 App 控制器...
[2026-03-05 14:04:14] [INFO] 
[3] 执行操作...
[2026-03-05 14:04:14] [INFO] 
--- 操作 1: 点击主页面分类 ---
[2026-03-05 14:04:14] [INFO] ✓ 已点击分类（resourceId）
[2026-03-05 14:04:14] [INFO] 
--- 操作 2: 等待3秒 ---
[2026-03-05 14:04:17] [INFO] ✓ 等待完成
[2026-03-05 14:04:17] [INFO] 
--- 操作 3: 回退一次 ---
[2026-03-05 14:04:18] [INFO] ✓ 已执行回退
[2026-03-05 14:04:18] [INFO] 
✓ 所有操作完成
[2026-03-05 15:03:37] [INFO] ============================================================
[2026-03-05 15:03:37] [INFO] 获取分类列表脚本
[2026-03-05 15:03:37] [INFO] ============================================================
[2026-03-05 15:03:37] [INFO] 
[1] 初始化设备...
[2026-03-05 15:03:39] [INFO] ✓ 设备已连接
[2026-03-05 15:03:39] [INFO] 
[2] 初始化 App 控制器...
[2026-03-05 15:03:42] [INFO] 
[3] 执行操作...
[2026-03-05 15:03:42] [INFO] 
--- 操作 1: 点击主页面分类 ---
[2026-03-05 15:03:45] [INFO] ✓ 已点击分类（resourceId）
[2026-03-05 15:03:45] [INFO] 
--- 操作 2: 等待3秒 ---
[2026-03-05 15:03:48] [INFO] ✓ 等待完成
[2026-03-05 15:03:48] [INFO] 
--- 操作 3: 回退一次 ---
[2026-03-05 15:03:52] [INFO] ✓ 已执行回退
[2026-03-05 15:03:52] [INFO] 
✓ 所有操作完成
[2026-03-05 15:10:24] [INFO] ============================================================
[2026-03-05 15:10:24] [INFO] 获取分类列表脚本
[2026-03-05 15:10:24] [INFO] ============================================================
[2026-03-05 15:10:24] [INFO] 
[1] 初始化设备...
[2026-03-05 15:10:24] [INFO] ✓ 设备已连接
[2026-03-05 15:10:24] [INFO] 
[2] 初始化 App 控制器...
[2026-03-05 15:10:25] [INFO] 
[3] 执行操作...
[2026-03-05 15:10:25] [INFO] 
--- 操作 1: 点击主页面分类 ---
[2026-03-05 15:10:26] [INFO] ✓ 已点击分类（resourceId）
[2026-03-05 15:10:26] [INFO] 
--- 操作 2: 等待3秒 ---
[2026-03-05 15:10:29] [INFO] ✓ 等待完成
[2026-03-05 15:10:29] [INFO] 
--- 操作 3: 回退一次 ---
[2026-03-05 15:10:29] [INFO] ✓ 已执行回退
[2026-03-05 15:10:29] [INFO] 
✓ 所有操作完成
[2026-03-05 15:11:12] [INFO] ============================================================
[2026-03-05 15:11:12] [INFO] 获取分类列表脚本
[2026-03-05 15:11:12] [INFO] ============================================================
[2026-03-05 15:11:12] [INFO] 
[1] 初始化设备...
[2026-03-05 15:11:12] [INFO] ✓ 设备已连接
[2026-03-05 15:11:12] [INFO] 
[2] 初始化 App 控制器...
[2026-03-05 15:11:13] [INFO] 
[3] 执行操作...
[2026-03-05 15:11:13] [INFO] 
--- 操作 1: 点击主页面分类 ---
[2026-03-05 15:11:15] [INFO] ✓ 已点击分类（resourceId）
[2026-03-05 15:11:15] [INFO] 
--- 操作 2: 等待3秒 ---
[2026-03-05 15:11:18] [INFO] ✓ 等待完成
[2026-03-05 15:11:18] [INFO] 
--- 操作 3: 回退一次 ---
[2026-03-05 15:11:18] [INFO] ✓ 已执行回退
[2026-03-05 15:11:18] [INFO] 
✓ 所有操作完成
[2026-03-05 15:12:37] [INFO] ============================================================
[2026-03-05 15:12:37] [INFO] 获取分类列表脚本
[2026-03-05 15:12:37] [INFO] ============================================================
[2026-03-05 15:12:37] [INFO] 
[1] 初始化设备...
[2026-03-05 15:12:37] [INFO] ✓ 设备已连接
[2026-03-05 15:12:37] [INFO] 
[2] 初始化 App 控制器...
[2026-03-05 15:12:39] [INFO] 
[3] 执行操作...
[2026-03-05 15:12:39] [INFO] 
--- 操作 1: 点击主页面分类 ---
[2026-03-05 15:12:40] [INFO] ✓ 已点击分类（resourceId）
[2026-03-05 15:12:40] [INFO] 
--- 操作 2: 等待3秒 ---
[2026-03-05 15:12:43] [INFO] ✓ 等待完成
[2026-03-05 15:12:43] [INFO] 
--- 操作 3: 回退一次 ---
[2026-03-05 15:12:43] [INFO] ✓ 已执行回退
[2026-03-05 15:12:43] [INFO] 
✓ 所有操作完成
[2026-03-05 15:13:31] [INFO] ============================================================
[2026-03-05 15:13:31] [INFO] 获取分类列表脚本
[2026-03-05 15:13:31] [INFO] ============================================================
[2026-03-05 15:13:31] [INFO] 
[1] 初始化设备...
[2026-03-05 15:13:32] [INFO] ✓ 设备已连接
[2026-03-05 15:13:32] [INFO] 
[2] 初始化 App 控制器...
[2026-03-05 15:13:33] [INFO] 
[3] 执行操作...
[2026-03-05 15:13:33] [INFO] 
--- 操作 1: 点击主页面分类 ---
[2026-03-05 15:13:34] [INFO] ✓ 已点击分类（resourceId）
[2026-03-05 15:13:34] [INFO] 
--- 操作 2: 等待3秒 ---
[2026-03-05 15:13:37] [INFO] ✓ 等待完成
[2026-03-05 15:13:37] [INFO] 
--- 操作 3: 回退一次 ---
[2026-03-05 15:13:37] [INFO] ✓ 已执行回退
[2026-03-05 15:13:37] [INFO] 
✓ 所有操作完成
[2026-03-05 15:13:49] [INFO] ============================================================
[2026-03-05 15:13:49] [INFO] 获取分类列表脚本
[2026-03-05 15:13:49] [INFO] ============================================================
[2026-03-05 15:13:49] [INFO] 
[1] 初始化设备...
[2026-03-05 15:13:49] [INFO] ✓ 设备已连接
[2026-03-05 15:13:49] [INFO] 
[2] 初始化 App 控制器...
[2026-03-05 15:13:50] [INFO] 
[3] 执行操作...
[2026-03-05 15:13:50] [INFO] 
--- 操作 1: 点击主页面分类 ---
[2026-03-05 15:13:51] [INFO] ✓ 已点击分类（resourceId）
[2026-03-05 15:13:51] [INFO] 
--- 操作 2: 等待3秒 ---
[2026-03-05 15:13:54] [INFO] ✓ 等待完成
[2026-03-05 15:13:54] [INFO] 
--- 操作 3: 回退一次 ---
[2026-03-05 15:13:54] [INFO] ✓ 已执行回退
[2026-03-05 15:13:54] [INFO] 
✓ 所有操作完成
[2026-03-05 15:25:08] [INFO] ============================================================
[2026-03-05 15:25:08] [INFO] 获取分类列表脚本
[2026-03-05 15:25:08] [INFO] ============================================================
[2026-03-05 15:25:08] [INFO] 
[1] 初始化设备...
[2026-03-05 15:25:08] [INFO] ✓ 设备已连接
[2026-03-05 15:25:08] [INFO] 
[2] 初始化 App 控制器...
[2026-03-05 15:25:10] [INFO] 
[3] 执行操作...
[2026-03-05 15:25:10] [INFO] 
--- 操作 1: 点击主页面分类 ---
[2026-03-05 15:25:11] [INFO] ✓ 已点击分类（resourceId）
[2026-03-05 15:25:11] [INFO] 
--- 操作 2: 等待3秒 ---
[2026-03-05 15:25:14] [INFO] ✓ 等待完成
[2026-03-05 15:25:14] [INFO] 
--- 操作 3: 回退一次 ---
[2026-03-05 15:25:15] [INFO] ✓ 已执行回退
[2026-03-05 15:25:15] [INFO] 
✓ 所有操作完成
