[2026-03-05 15:19:57] [INFO] ============================================================
[2026-03-05 15:19:57] [INFO] 按分类关键词抓取书籍列表
[2026-03-05 15:19:57] [INFO] ============================================================
[2026-03-05 15:19:57] [INFO] 关键词(type): 都市
[2026-03-05 15:19:57] [INFO] 
[1] 初始化设备...
[2026-03-05 15:19:57] [INFO] ✓ 设备已连接
[2026-03-05 15:19:57] [INFO] 
[2] 初始化 App 控制器...
[2026-03-05 15:19:58] [INFO] 
[3] 执行自动化操作...
[2026-03-05 15:19:58] [INFO] 
--- 操作 1: 点击搜索框 ---
[2026-03-05 15:19:59] [INFO] ✓ 搜索框点击成功
[2026-03-05 15:19:59] [INFO] 
--- 操作 2: 输入 type 关键词 ---
[2026-03-05 15:20:02] [INFO] ✓ 输入完成
[2026-03-05 15:20:02] [INFO] 
--- 操作 3: 点击搜索按钮 ---
[2026-03-05 15:20:03] [INFO] ✓ 已点击搜索按钮
[2026-03-05 15:20:05] [INFO] 
--- 操作 4: 切换到书籍标签 ---
[2026-03-05 15:20:06] [INFO] ✓ 已切换到书籍标签
[2026-03-05 15:20:07] [INFO] 
--- 操作 5: 持续下拉，直到到底或超时3分钟 ---
[2026-03-05 15:27:37] [INFO] ============================================================
[2026-03-05 15:27:37] [INFO] 按分类关键词抓取书籍列表
[2026-03-05 15:27:37] [INFO] ============================================================
[2026-03-05 15:27:37] [INFO] 关键词(type): 都市
[2026-03-05 15:27:37] [INFO] 下拉超时(秒): 30
[2026-03-05 15:27:37] [INFO] 
[0] 清空 Charles 抓包...
[2026-03-05 15:27:37] [INFO] ✓ Charles 抓包已清空
[2026-03-05 15:27:37] [INFO] 
[1] 初始化设备...
[2026-03-05 15:27:37] [INFO] ✓ 设备已连接
[2026-03-05 15:27:37] [INFO] 
[2] 初始化 App 控制器...
[2026-03-05 15:27:39] [INFO] 
[3] 执行自动化操作...
[2026-03-05 15:27:39] [INFO] 
--- 操作 1: 点击搜索框 ---
[2026-03-05 15:27:40] [INFO] ✓ 搜索框点击成功
[2026-03-05 15:27:40] [INFO] 
--- 操作 2: 输入 type 关键词 ---
[2026-03-05 15:27:43] [INFO] ✓ 输入完成
[2026-03-05 15:27:43] [INFO] 
--- 操作 3: 点击搜索按钮 ---
[2026-03-05 15:27:43] [INFO] ✓ 已点击搜索按钮
[2026-03-05 15:27:45] [INFO] 
--- 操作 4: 切换到书籍标签 ---
[2026-03-05 15:27:47] [INFO] ✓ 已切换到书籍标签
[2026-03-05 15:27:48] [INFO] 
--- 操作 5: 持续下拉，直到到底或超时3分钟 ---
[2026-03-05 15:28:20] [WARNING] 达到超时(30秒)，停止滚动
[2026-03-05 15:28:20] [INFO] 
--- 操作 6: 回退3次 ---
[2026-03-05 15:28:22] [INFO] ✓ 已执行第 1/3 次回退
[2026-03-05 15:28:23] [INFO] ✓ 已执行第 2/3 次回退
[2026-03-05 15:28:23] [INFO] ✓ 已执行第 3/3 次回退
[2026-03-05 15:28:24] [INFO] 
✓ 所有操作完成
[2026-03-05 15:35:55] [INFO] ============================================================
[2026-03-05 15:35:55] [INFO] 按分类关键词抓取书籍列表
[2026-03-05 15:35:55] [INFO] ============================================================
[2026-03-05 15:35:55] [INFO] 关键词(type): 都市
[2026-03-05 15:35:55] [INFO] 下拉超时(秒): 30
[2026-03-05 15:35:55] [INFO] 
[0] 清空 Charles 抓包...
[2026-03-05 15:35:55] [INFO] ✓ Charles 抓包已清空
[2026-03-05 15:35:55] [INFO] 
[1] 初始化设备...
[2026-03-05 15:35:55] [INFO] ✓ 设备已连接
[2026-03-05 15:35:55] [INFO] 
[2] 初始化 App 控制器...
[2026-03-05 15:35:56] [INFO] 
[3] 执行自动化操作...
[2026-03-05 15:35:56] [INFO] 
--- 操作 1: 点击搜索框 ---
[2026-03-05 15:35:57] [INFO] ✓ 搜索框点击成功
[2026-03-05 15:35:57] [INFO] 
--- 操作 2: 输入 type 关键词 ---
[2026-03-05 15:36:00] [INFO] ✓ 输入完成
[2026-03-05 15:36:00] [INFO] 
--- 操作 3: 点击搜索按钮 ---
[2026-03-05 15:36:01] [INFO] ✓ 已点击搜索按钮
[2026-03-05 15:36:03] [INFO] 
--- 操作 4: 切换到书籍标签 ---
[2026-03-05 15:36:04] [INFO] ✓ 已切换到书籍标签
[2026-03-05 15:36:05] [INFO] 
--- 操作 5: 持续下拉，直到到底或超时3分钟 ---
[2026-03-05 15:36:37] [WARNING] 达到超时(30秒)，停止滚动
[2026-03-05 15:36:37] [INFO] 
--- 操作 6: 回退2次 ---
[2026-03-05 15:36:38] [INFO] ✓ 已执行第 1/2 次回退
[2026-03-05 15:36:39] [INFO] ✓ 已执行第 2/2 次回退
[2026-03-05 15:36:40] [INFO] 
--- 操作 7: 导出 Charles 并提取 search/tab 文件 ---
[2026-03-05 15:36:40] [INFO] ✓ Charles 导出完成: data\charles_export_filtered.json
[2026-03-05 15:36:40] [INFO] search/tab 命中条数: 6
[2026-03-05 15:36:40] [INFO] ✓ 已保存所有 search/tab 文件到 data/bookListTab_{标签名称}/
[2026-03-05 15:36:40] [INFO] 
✓ 所有操作完成
[2026-03-05 15:43:03] [INFO] ============================================================
[2026-03-05 15:43:03] [INFO] 按分类关键词抓取书籍列表
[2026-03-05 15:43:03] [INFO] ============================================================
[2026-03-05 15:43:03] [INFO] 关键词(type): 都市
[2026-03-05 15:43:03] [INFO] 下拉超时(秒): 30
[2026-03-05 15:43:03] [INFO] 
[0] 清空 Charles 抓包...
[2026-03-05 15:43:03] [INFO] ✓ Charles 抓包已清空
[2026-03-05 15:43:03] [INFO] 
[1] 初始化设备...
[2026-03-05 15:43:03] [INFO] ✓ 设备已连接
[2026-03-05 15:43:03] [INFO] 
[2] 初始化 App 控制器...
[2026-03-05 15:43:04] [INFO] 
[3] 执行自动化操作...
[2026-03-05 15:43:04] [INFO] 
--- 操作 1: 点击搜索框 ---
[2026-03-05 15:43:05] [INFO] ✓ 搜索框点击成功
[2026-03-05 15:43:05] [INFO] 
--- 操作 2: 输入 type 关键词 ---
[2026-03-05 15:43:08] [INFO] ✓ 输入完成
[2026-03-05 15:43:08] [INFO] 
--- 操作 3: 点击搜索按钮 ---
[2026-03-05 15:43:09] [INFO] ✓ 已点击搜索按钮
[2026-03-05 15:43:11] [INFO] 
--- 操作 4: 切换到书籍标签 ---
[2026-03-05 15:43:13] [INFO] ✓ 已切换到书籍标签
[2026-03-05 15:43:15] [INFO] 
--- 操作 5: 持续下拉，直到到底或超时30秒 ---
[2026-03-05 15:43:47] [WARNING] 达到超时(30秒)，停止滚动
[2026-03-05 15:43:47] [INFO] 
--- 操作 6: 回退2次 ---
[2026-03-05 15:43:51] [INFO] ✓ 已执行第 1/2 次回退
[2026-03-05 15:43:52] [INFO] ✓ 已执行第 2/2 次回退
[2026-03-05 15:43:52] [INFO] 
--- 操作 7: 导出 Charles 并提取 search/tab 文件 ---
[2026-03-05 15:43:52] [INFO] ✓ Charles 导出完成: data\charles_export_filtered.json
[2026-03-05 15:43:52] [INFO] search/tab 命中条数: 5
[2026-03-05 15:43:52] [INFO] ✓ 已保存所有 search/tab 文件到 data/bookListTab_{标签名称}/
[2026-03-05 15:43:52] [INFO] 
✓ 所有操作完成
[2026-03-05 15:49:19] [INFO] ============================================================
[2026-03-05 15:49:19] [INFO] 按分类关键词抓取书籍列表
[2026-03-05 15:49:19] [INFO] ============================================================
[2026-03-05 15:49:19] [INFO] 关键词(type): 都市
[2026-03-05 15:49:19] [INFO] 下拉超时(秒): 10
[2026-03-05 15:49:19] [INFO] 
[0] 清空 Charles 抓包...
[2026-03-05 15:49:19] [INFO] ✓ Charles 抓包已清空
[2026-03-05 15:49:19] [INFO] 
[1] 初始化设备...
[2026-03-05 15:49:20] [INFO] ✓ 设备已连接
[2026-03-05 15:49:20] [INFO] 
[2] 初始化 App 控制器...
[2026-03-05 15:49:21] [INFO] 
[3] 执行自动化操作...
[2026-03-05 15:49:21] [INFO] 
--- 操作 1: 点击搜索框 ---
[2026-03-05 15:49:22] [INFO] ✓ 搜索框点击成功
[2026-03-05 15:49:22] [INFO] 
--- 操作 2: 输入 type 关键词 ---
[2026-03-05 15:49:25] [INFO] ✓ 输入完成
[2026-03-05 15:49:25] [INFO] 
--- 操作 3: 点击搜索按钮 ---
[2026-03-05 15:49:44] [INFO] ✓ 已点击搜索按钮
[2026-03-05 15:49:46] [INFO] 
--- 操作 4: 切换到书籍标签 ---
[2026-03-05 15:49:49] [WARNING] 未找到书籍标签，继续后续滚动
[2026-03-05 15:49:49] [INFO] 
--- 操作 5: 持续下拉，直到到底或超时10秒 ---
[2026-03-05 15:49:59] [WARNING] 达到超时(10秒)，停止滚动
[2026-03-05 15:49:59] [INFO] 
--- 操作 6: 回退2次 ---
[2026-03-05 15:50:01] [INFO] ✓ 已执行第 1/2 次回退
[2026-03-05 15:50:02] [INFO] ✓ 已执行第 2/2 次回退
[2026-03-05 15:50:02] [INFO] 
--- 操作 7: 导出 Charles 并提取 search/tab 文件 ---
[2026-03-05 15:50:02] [INFO] ✓ Charles 导出完成: data\charles_export_filtered.json
[2026-03-05 15:50:02] [INFO] search/tab 命中条数: 0
[2026-03-05 15:50:02] [WARNING] 未找到 /reading/bookapi/search/tab/ 请求
[2026-03-05 15:50:02] [INFO] 
--- 操作 8: 提取书籍名称列表并更新 BookList.json ---
[2026-03-05 15:50:02] [INFO] 提取到书名数量: 30
[2026-03-05 15:50:02] [INFO] ✓ 书名列表已更新: data\BookList.json (标签=都市)
[2026-03-05 15:50:02] [INFO] 
✓ 所有操作完成
[2026-03-05 15:50:54] [INFO] ============================================================
[2026-03-05 15:50:54] [INFO] 按分类关键词抓取书籍列表
[2026-03-05 15:50:54] [INFO] ============================================================
[2026-03-05 15:50:54] [INFO] 关键词(type): 都市
[2026-03-05 15:50:54] [INFO] 下拉超时(秒): 30
[2026-03-05 15:50:54] [INFO] 
[0] 清空 Charles 抓包...
[2026-03-05 15:50:54] [INFO] ✓ Charles 抓包已清空
[2026-03-05 15:50:54] [INFO] 
[1] 初始化设备...
[2026-03-05 15:50:54] [INFO] ✓ 设备已连接
[2026-03-05 15:50:54] [INFO] 
[2] 初始化 App 控制器...
[2026-03-05 15:50:55] [INFO] 
[3] 执行自动化操作...
[2026-03-05 15:50:55] [INFO] 
--- 操作 1: 点击搜索框 ---
[2026-03-05 15:50:56] [INFO] ✓ 搜索框点击成功
[2026-03-05 15:50:56] [INFO] 
--- 操作 2: 输入 type 关键词 ---
[2026-03-05 15:50:59] [INFO] ✓ 输入完成
[2026-03-05 15:50:59] [INFO] 
--- 操作 3: 点击搜索按钮 ---
[2026-03-05 15:51:00] [INFO] ✓ 已点击搜索按钮
[2026-03-05 15:51:02] [INFO] 
--- 操作 4: 切换到书籍标签 ---
[2026-03-05 15:51:13] [WARNING] 未找到书籍标签，继续后续滚动
[2026-03-05 15:51:13] [INFO] 
--- 操作 5: 持续下拉，直到到底或超时30秒 ---
[2026-03-05 15:53:13] [INFO] ============================================================
[2026-03-05 15:53:13] [INFO] 按分类关键词抓取书籍列表
[2026-03-05 15:53:13] [INFO] ============================================================
[2026-03-05 15:53:13] [INFO] 关键词(type): 都市
[2026-03-05 15:53:13] [INFO] 下拉超时(秒): 30
[2026-03-05 15:53:13] [INFO] 
[0] 清空 Charles 抓包...
[2026-03-05 15:53:13] [WARNING] 清空 Charles 抓包失败，继续执行: HTTPConnectionPool(host='control.charles', port=80): Max retries exceeded with url: /session/clear (Caused by NameResolutionError("HTTPConnection(host='control.charles', port=80): Failed to resolve 'control.charles' ([Errno 11001] getaddrinfo failed)"))
[2026-03-05 15:53:13] [INFO] 
[1] 初始化设备...
[2026-03-05 15:53:13] [INFO] ✓ 设备已连接
[2026-03-05 15:53:13] [INFO] 
[2] 初始化 App 控制器...
[2026-03-05 15:53:16] [INFO] 
[3] 执行自动化操作...
[2026-03-05 15:53:16] [INFO] 
--- 操作 1: 点击搜索框 ---
[2026-03-05 15:53:17] [INFO] ✓ 搜索框点击成功
[2026-03-05 15:53:17] [INFO] 
--- 操作 2: 输入 type 关键词 ---
[2026-03-05 15:53:20] [INFO] ✓ 输入完成
[2026-03-05 15:53:20] [INFO] 
--- 操作 3: 点击搜索按钮 ---
[2026-03-05 15:53:21] [INFO] ✓ 已点击搜索按钮
[2026-03-05 15:53:23] [INFO] 
--- 操作 4: 切换到书籍标签 ---
[2026-03-05 15:53:26] [WARNING] 未找到书籍标签，继续后续滚动
[2026-03-05 15:53:26] [INFO] 
--- 操作 5: 持续下拉，直到到底或超时30秒 ---
[2026-03-05 15:53:37] [INFO] 检测到页面连续未变化，判定已到底
[2026-03-05 15:53:37] [INFO] 
--- 操作 6: 回退2次 ---
[2026-03-05 15:53:38] [INFO] ✓ 已执行第 1/2 次回退
[2026-03-05 15:53:39] [INFO] ✓ 已执行第 2/2 次回退
[2026-03-05 15:53:39] [INFO] 
--- 操作 7: 导出 Charles 并提取 search/tab 文件 ---
[2026-03-05 15:53:39] [ERROR] 导出 Charles 抓包失败: HTTPConnectionPool(host='control.charles', port=80): Max retries exceeded with url: /session/export-json (Caused by NameResolutionError("HTTPConnection(host='control.charles', port=80): Failed to resolve 'control.charles' ([Errno 11001] getaddrinfo failed)"))
[2026-03-05 15:53:39] [ERROR] 导出或提取失败
[2026-03-05 15:53:53] [INFO] ============================================================
[2026-03-05 15:53:53] [INFO] 按分类关键词抓取书籍列表
[2026-03-05 15:53:53] [INFO] ============================================================
[2026-03-05 15:53:53] [INFO] 关键词(type): 都市
[2026-03-05 15:53:53] [INFO] 下拉超时(秒): 30
[2026-03-05 15:53:53] [INFO] 
[0] 清空 Charles 抓包...
[2026-03-05 15:53:53] [WARNING] 清空 Charles 抓包失败，继续执行: HTTPConnectionPool(host='control.charles', port=80): Max retries exceeded with url: /session/clear (Caused by NameResolutionError("HTTPConnection(host='control.charles', port=80): Failed to resolve 'control.charles' ([Errno 11001] getaddrinfo failed)"))
[2026-03-05 15:53:53] [INFO] 
[1] 初始化设备...
[2026-03-05 15:53:54] [INFO] ✓ 设备已连接
[2026-03-05 15:53:54] [INFO] 
[2] 初始化 App 控制器...
[2026-03-05 15:53:55] [INFO] 
[3] 执行自动化操作...
[2026-03-05 15:53:55] [INFO] 
--- 操作 1: 点击搜索框 ---
[2026-03-05 15:53:56] [INFO] ✓ 搜索框点击成功
[2026-03-05 15:53:56] [INFO] 
--- 操作 2: 输入 type 关键词 ---
[2026-03-05 15:53:59] [INFO] ✓ 输入完成
[2026-03-05 15:53:59] [INFO] 
--- 操作 3: 点击搜索按钮 ---
[2026-03-05 15:54:00] [INFO] ✓ 已点击搜索按钮
[2026-03-05 15:54:02] [INFO] 
--- 操作 4: 切换到书籍标签 ---
[2026-03-05 15:54:04] [INFO] ✓ 已切换到书籍标签
[2026-03-05 15:54:05] [INFO] 
--- 操作 5: 持续下拉，直到到底或超时30秒 ---
[2026-03-05 15:54:36] [WARNING] 达到超时(30秒)，停止滚动
[2026-03-05 15:54:36] [INFO] 
--- 操作 6: 回退2次 ---
[2026-03-05 15:54:38] [INFO] ✓ 已执行第 1/2 次回退
[2026-03-05 15:54:38] [INFO] ✓ 已执行第 2/2 次回退
[2026-03-05 15:54:39] [INFO] 
--- 操作 7: 导出 Charles 并提取 search/tab 文件 ---
[2026-03-05 15:54:39] [ERROR] 导出 Charles 抓包失败: HTTPConnectionPool(host='control.charles', port=80): Max retries exceeded with url: /session/export-json (Caused by NameResolutionError("HTTPConnection(host='control.charles', port=80): Failed to resolve 'control.charles' ([Errno 11001] getaddrinfo failed)"))
[2026-03-05 15:54:39] [ERROR] 导出或提取失败
[2026-03-05 16:00:14] [INFO] ============================================================
[2026-03-05 16:00:14] [INFO] 按分类关键词抓取书籍列表
[2026-03-05 16:00:14] [INFO] ============================================================
[2026-03-05 16:00:14] [INFO] 关键词(type): 都市
[2026-03-05 16:00:14] [INFO] 下拉超时(秒): 30
[2026-03-05 16:00:14] [INFO] 
[0] 清空 Charles 抓包...
[2026-03-05 16:00:14] [INFO] ✓ Charles 抓包已清空
[2026-03-05 16:00:14] [INFO] 
[1] 初始化设备...
[2026-03-05 16:00:15] [INFO] ✓ 设备已连接
[2026-03-05 16:00:15] [INFO] 
[2] 初始化 App 控制器...
[2026-03-05 16:00:16] [INFO] 
[3] 执行自动化操作...
[2026-03-05 16:00:16] [INFO] 
--- 操作 1: 点击搜索框 ---
[2026-03-05 16:00:17] [INFO] ✓ 搜索框点击成功
[2026-03-05 16:00:17] [INFO] 
--- 操作 2: 输入 type 关键词 ---
[2026-03-05 16:00:20] [INFO] ✓ 输入完成
[2026-03-05 16:00:20] [INFO] 
--- 操作 3: 点击搜索按钮 ---
[2026-03-05 16:00:20] [INFO] ✓ 已点击搜索按钮
[2026-03-05 16:00:22] [INFO] 
--- 操作 4: 切换到书籍标签 ---
[2026-03-05 16:00:24] [INFO] ✓ 已切换到书籍标签
[2026-03-05 16:00:25] [INFO] 
--- 操作 5: 持续下拉，直到到底或超时30秒 ---
[2026-03-05 16:00:57] [WARNING] 达到超时(30秒)，停止滚动
[2026-03-05 16:00:57] [INFO] 
--- 操作 6: 回退2次 ---
[2026-03-05 16:00:58] [INFO] ✓ 已执行第 1/2 次回退
[2026-03-05 16:00:59] [INFO] ✓ 已执行第 2/2 次回退
[2026-03-05 16:01:00] [INFO] 
--- 操作 7: 导出 Charles 并提取 search/tab 文件 ---
[2026-03-05 16:01:00] [INFO] ✓ Charles 导出完成: data\charles_export_filtered.json
[2026-03-05 16:01:00] [INFO] search/tab 命中条数: 6
[2026-03-05 16:01:00] [INFO] ✓ 已保存所有 search/tab 文件到 data/bookListTab_{标签名称}/
[2026-03-05 16:01:00] [INFO] 
--- 操作 8: 提取书籍名称列表并更新 BookList.json ---
[2026-03-05 16:01:00] [INFO] 提取到书名数量: 40
[2026-03-05 16:01:00] [INFO] ✓ 书名列表已更新: data\BookList.json (标签=都市)
[2026-03-05 16:01:00] [INFO] 
✓ 所有操作完成
[2026-03-05 16:01:41] [INFO] ============================================================
[2026-03-05 16:01:41] [INFO] 按分类关键词抓取书籍列表
[2026-03-05 16:01:41] [INFO] ============================================================
[2026-03-05 16:01:41] [INFO] 关键词(type): 校园
[2026-03-05 16:01:41] [INFO] 下拉超时(秒): 30
[2026-03-05 16:01:41] [INFO] 
[0] 清空 Charles 抓包...
[2026-03-05 16:01:41] [INFO] ✓ Charles 抓包已清空
[2026-03-05 16:01:41] [INFO] 
[1] 初始化设备...
[2026-03-05 16:01:41] [INFO] ✓ 设备已连接
[2026-03-05 16:01:41] [INFO] 
[2] 初始化 App 控制器...
[2026-03-05 16:01:43] [INFO] 
[3] 执行自动化操作...
[2026-03-05 16:01:43] [INFO] 
--- 操作 1: 点击搜索框 ---
[2026-03-05 16:01:44] [INFO] ✓ 搜索框点击成功
[2026-03-05 16:01:44] [INFO] 
--- 操作 2: 输入 type 关键词 ---
[2026-03-05 16:01:47] [INFO] ✓ 输入完成
[2026-03-05 16:01:47] [INFO] 
--- 操作 3: 点击搜索按钮 ---
[2026-03-05 16:01:47] [INFO] ✓ 已点击搜索按钮
[2026-03-05 16:01:49] [INFO] 
--- 操作 4: 切换到书籍标签 ---
[2026-03-05 16:01:52] [INFO] ✓ 已切换到书籍标签
[2026-03-05 16:01:53] [INFO] 
--- 操作 5: 持续下拉，直到到底或超时30秒 ---
[2026-03-05 16:02:24] [WARNING] 达到超时(30秒)，停止滚动
[2026-03-05 16:02:24] [INFO] 
--- 操作 6: 回退2次 ---
[2026-03-05 16:02:25] [INFO] ✓ 已执行第 1/2 次回退
[2026-03-05 16:02:26] [INFO] ✓ 已执行第 2/2 次回退
[2026-03-05 16:02:26] [INFO] 
--- 操作 7: 导出 Charles 并提取 search/tab 文件 ---
[2026-03-05 16:02:27] [INFO] ✓ Charles 导出完成: data\charles_export_filtered.json
[2026-03-05 16:02:27] [INFO] search/tab 命中条数: 6
[2026-03-05 16:02:27] [INFO] ✓ 已保存所有 search/tab 文件到 data/bookListTab_{标签名称}/
[2026-03-05 16:02:27] [INFO] 
--- 操作 8: 提取书籍名称列表并更新 BookList.json ---
[2026-03-05 16:02:27] [INFO] 提取到书名数量: 41
[2026-03-05 16:02:27] [INFO] ✓ 书名列表已更新: data\BookList.json (标签=校园)
[2026-03-05 16:02:27] [INFO] 
✓ 所有操作完成
[2026-03-05 16:09:37] [INFO] ============================================================
[2026-03-05 16:09:37] [INFO] 按分类关键词抓取书籍列表
[2026-03-05 16:09:37] [INFO] ============================================================
[2026-03-05 16:09:37] [INFO] 关键词(type): 校园
[2026-03-05 16:09:37] [INFO] 下拉超时(秒): 30
[2026-03-05 16:09:37] [INFO] 
[0] 清空 Charles 抓包...
[2026-03-05 16:09:37] [INFO] ✓ Charles 抓包已清空
[2026-03-05 16:09:37] [INFO] 
[1] 初始化设备...
[2026-03-05 16:09:37] [INFO] ✓ 设备已连接
[2026-03-05 16:09:37] [INFO] 
[2] 初始化 App 控制器...
[2026-03-05 16:09:39] [INFO] 
[3] 执行自动化操作...
[2026-03-05 16:09:39] [INFO] 
--- 操作 1: 点击搜索框 ---
[2026-03-05 16:09:40] [INFO] ✓ 搜索框点击成功
[2026-03-05 16:09:40] [INFO] 
--- 操作 2: 输入 type 关键词 ---
[2026-03-05 16:09:44] [INFO] ✓ 输入完成
[2026-03-05 16:09:44] [INFO] 
--- 操作 3: 点击搜索按钮 ---
[2026-03-05 16:09:45] [INFO] ✓ 已点击搜索按钮
[2026-03-05 16:09:48] [INFO] 
--- 操作 4: 切换到书籍标签 ---
[2026-03-05 16:09:49] [INFO] ✓ 已切换到书籍标签
[2026-03-05 16:09:50] [INFO] 
--- 操作 5: 持续下拉，直到到底或超时30秒 ---
[2026-03-05 16:10:22] [WARNING] 达到超时(30秒)，停止滚动
[2026-03-05 16:10:22] [INFO] 
--- 操作 6: 回退2次 ---
[2026-03-05 16:10:23] [INFO] ✓ 已执行第 1/2 次回退
[2026-03-05 16:10:24] [INFO] ✓ 已执行第 2/2 次回退
[2026-03-05 16:10:25] [INFO] 
--- 操作 7: 导出 Charles 并提取 search/tab 文件 ---
[2026-03-05 16:10:25] [INFO] ✓ Charles 导出完成: data\charles_export_filtered.json
[2026-03-05 16:10:25] [INFO] search/tab 命中条数: 6
[2026-03-05 16:10:25] [INFO] ✓ 已保存所有 search/tab 文件到 data/bookListTab_{标签名称}/
[2026-03-05 16:10:25] [INFO] 
--- 操作 8: 提取书籍名称列表并更新 BookList.json ---
[2026-03-05 16:10:25] [INFO] 提取到书名数量: 41
[2026-03-05 16:10:25] [INFO] ✓ 书名列表已更新: data\BookList.json (标签=校园)
[2026-03-05 16:10:25] [INFO] 
✓ 所有操作完成
[2026-03-05 16:19:00] [INFO] ============================================================
[2026-03-05 16:19:00] [INFO] 按分类关键词抓取书籍列表
[2026-03-05 16:19:00] [INFO] ============================================================
[2026-03-05 16:19:00] [INFO] 关键词(type): 校园
[2026-03-05 16:19:00] [INFO] 下拉超时(秒): 30
[2026-03-05 16:19:00] [INFO] 
[0] 清空 Charles 抓包...
[2026-03-05 16:19:00] [INFO] ✓ Charles 抓包已清空
[2026-03-05 16:19:00] [INFO] 
[1] 初始化设备...
[2026-03-05 16:19:00] [INFO] ✓ 设备已连接
[2026-03-05 16:19:00] [INFO] 
[2] 初始化 App 控制器...
[2026-03-05 16:19:01] [INFO] 
[3] 执行自动化操作...
[2026-03-05 16:19:01] [INFO] 
--- 操作 1: 点击搜索框 ---
[2026-03-05 16:19:03] [INFO] ✓ 搜索框点击成功
[2026-03-05 16:19:03] [INFO] 
--- 操作 2: 输入 type 关键词 ---
[2026-03-05 16:19:04] [INFO] ✓ 输入完成
[2026-03-05 16:19:04] [INFO] 
--- 操作 3: 点击搜索按钮 ---
[2026-03-05 16:19:04] [INFO] ✓ 已点击搜索按钮
[2026-03-05 16:19:08] [INFO] 
--- 操作 4: 切换到书籍标签 ---
[2026-03-05 16:19:10] [INFO] ✓ 已切换到书籍标签
[2026-03-05 16:19:11] [INFO] 
--- 操作 5: 持续下拉，直到到底或超时30秒 ---
[2026-03-05 16:19:41] [WARNING] 达到超时(30秒)，停止滚动
[2026-03-05 16:19:41] [INFO] 
--- 操作 6: 回退2次 ---
[2026-03-05 16:19:43] [INFO] ✓ 已执行第 1/2 次回退
[2026-03-05 16:19:44] [INFO] ✓ 已执行第 2/2 次回退
[2026-03-05 16:19:44] [INFO] 
--- 操作 7: 导出 Charles 并提取 search/tab 文件 ---
[2026-03-05 16:19:45] [INFO] ✓ Charles 导出完成: data\charles_export_filtered.json
[2026-03-05 16:19:45] [INFO] search/tab 命中条数: 5
[2026-03-05 16:19:45] [INFO] ✓ 已保存所有 search/tab 文件到 data/bookListTab_{标签名称}/
[2026-03-05 16:19:45] [INFO] 
--- 操作 8: 提取书籍名称列表并更新 BookList.json ---
[2026-03-05 16:19:45] [INFO] 提取到书籍数量: 48
[2026-03-05 16:19:45] [INFO] ✓ 书籍信息列表已更新: data\BookList.json (标签=校园)
[2026-03-05 16:19:45] [INFO] 
✓ 所有操作完成
[2026-03-05 16:29:19] [INFO] ============================================================
[2026-03-05 16:29:19] [INFO] 按分类关键词抓取书籍列表
[2026-03-05 16:29:19] [INFO] ============================================================
[2026-03-05 16:29:19] [INFO] 关键词(type): 校园
[2026-03-05 16:29:19] [INFO] 下拉超时(秒): 30
[2026-03-05 16:29:19] [INFO] 
[0] 清空 Charles 抓包...
[2026-03-05 16:29:19] [INFO] ✓ Charles 抓包已清空
[2026-03-05 16:29:19] [INFO] 
[1] 初始化设备...
[2026-03-05 16:29:20] [INFO] ✓ 设备已连接
[2026-03-05 16:29:20] [INFO] 
[2] 初始化 App 控制器...
[2026-03-05 16:29:22] [INFO] 
[3] 执行自动化操作...
[2026-03-05 16:29:22] [INFO] 
--- 操作 1: 点击搜索框 ---
[2026-03-05 16:29:23] [INFO] ✓ 搜索框点击成功
[2026-03-05 16:29:23] [INFO] 
--- 操作 2: 输入 type 关键词 ---
[2026-03-05 16:29:28] [INFO] ✓ 输入完成
[2026-03-05 16:29:28] [INFO] 
--- 操作 3: 点击搜索按钮 ---
[2026-03-05 16:29:29] [INFO] ✓ 已点击搜索按钮
[2026-03-05 16:29:34] [INFO] 
--- 操作 4: 切换到书籍标签 ---
[2026-03-05 16:29:35] [INFO] ✓ 已切换到书籍标签
[2026-03-05 16:29:36] [INFO] 
--- 操作 5: 持续下拉，直到到底或超时30秒 ---
[2026-03-05 16:30:08] [WARNING] 达到超时(30秒)，停止滚动
[2026-03-05 16:30:08] [INFO] 
--- 操作 6: 回退2次 ---
[2026-03-05 16:30:09] [INFO] ✓ 已执行第 1/2 次回退
[2026-03-05 16:30:10] [INFO] ✓ 已执行第 2/2 次回退
[2026-03-05 16:30:10] [INFO] 
--- 操作 7: 导出 Charles 并提取 search/tab 文件 ---
[2026-03-05 16:30:11] [INFO] ✓ Charles 导出完成: data\charles_export_filtered.json
[2026-03-05 16:30:11] [INFO] search/tab 命中条数: 6
[2026-03-05 16:30:11] [INFO] ✓ 已保存所有 search/tab 文件到 data/bookListTab_{标签名称}/
[2026-03-05 16:30:11] [INFO] 
--- 操作 8: 提取书籍名称列表并更新 BookList.json ---
[2026-03-05 16:30:11] [INFO] 提取到书籍数量: 39
[2026-03-05 16:30:11] [INFO] ✓ 书籍信息列表已更新: data\BookList.json (标签=校园)
[2026-03-05 16:30:11] [INFO] 
✓ 所有操作完成
