[2026-03-05 10:30:23] [INFO] ============================================================
[2026-03-05 10:30:23] [INFO] 番茄小说 App 自动化控制程序
[2026-03-05 10:30:23] [INFO] ============================================================
[2026-03-05 10:30:23] [INFO] 
[1] 初始化设备...
[2026-03-05 10:30:24] [INFO] ✓ 设备已连接
[2026-03-05 10:30:24] [INFO]   设备信息: {'Android版本': '9', '设备型号': '', '序列号': '27510164', 'Build ID': 'PI'}
[2026-03-05 10:30:24] [INFO] 
[2] 初始化 App 控制器...
[2026-03-05 10:30:26] [INFO] 
[3] 执行自动化操作...
[2026-03-05 10:30:26] [INFO] (假设番茄小说 App 已经打开)
[2026-03-05 10:30:26] [INFO] 
--- 操作 1: 点击搜索框 ---
[2026-03-05 10:30:30] [WARNING] 点击搜索框失败，继续尝试
[2026-03-05 10:30:30] [INFO] 
--- 操作 2: 搜索书籍 ---
[2026-03-05 10:30:41] [INFO] 
--- 操作 3: 打开搜索结果 ---
[2026-03-05 10:30:47] [INFO] 
--- 操作 4: 开始阅读 ---
[2026-03-05 10:30:55] [INFO] 
--- 操作 5: 翻页测试 ---
[2026-03-05 10:30:59] [INFO] 
✓ 所有自动化操作完成
[2026-03-05 10:30:59] [INFO] 
[4] 程序结束
[2026-03-05 10:30:59] [INFO] ✓ 资源已释放
[2026-03-05 10:33:49] [INFO] ============================================================
[2026-03-05 10:33:49] [INFO] 番茄小说 App 自动化控制程序
[2026-03-05 10:33:49] [INFO] ============================================================
[2026-03-05 10:33:49] [INFO] 
[1] 初始化设备...
[2026-03-05 10:33:50] [INFO] ✓ 设备已连接
[2026-03-05 10:33:50] [INFO]   设备信息: {'Android版本': '9', '设备型号': '', '序列号': '27510164', 'Build ID': 'PI'}
[2026-03-05 10:33:50] [INFO] 
[2] 初始化 App 控制器...
[2026-03-05 10:33:52] [INFO] 
[3] 执行自动化操作...
[2026-03-05 10:33:52] [INFO] (假设番茄小说 App 已经打开)
[2026-03-05 10:33:52] [INFO] 
--- 操作 1: 点击搜索框 ---
[2026-03-05 10:33:52] [INFO] 
--- 操作 2: 搜索书籍 ---
[2026-03-05 10:34:00] [INFO] 
--- 操作 3: 打开搜索结果 ---
[2026-03-05 10:34:06] [INFO] 
--- 操作 4: 开始阅读 ---
[2026-03-05 10:34:14] [INFO] 
--- 操作 5: 翻页测试 ---
[2026-03-05 10:34:18] [INFO] 
[4] 程序结束
[2026-03-05 10:34:18] [INFO] ✓ 资源已释放
[2026-03-05 10:34:47] [INFO] ============================================================
[2026-03-05 10:34:47] [INFO] 番茄小说 App 自动化控制程序
[2026-03-05 10:34:47] [INFO] ============================================================
[2026-03-05 10:34:47] [INFO] 
[1] 初始化设备...
[2026-03-05 10:34:48] [INFO] ✓ 设备已连接
[2026-03-05 10:34:48] [INFO]   设备信息: {'Android版本': '9', '设备型号': '', '序列号': '27510164', 'Build ID': 'PI'}
[2026-03-05 10:34:48] [INFO] 
[2] 初始化 App 控制器...
[2026-03-05 10:34:49] [INFO] 
[3] 执行自动化操作...
[2026-03-05 10:34:49] [INFO] (假设番茄小说 App 已经打开)
[2026-03-05 10:34:49] [INFO] 
--- 操作 1: 点击搜索框 ---
[2026-03-05 10:34:50] [INFO] 
--- 操作 2: 搜索书籍 ---
[2026-03-05 10:34:57] [INFO] 
--- 操作 3: 打开搜索结果 ---
[2026-03-05 10:35:03] [INFO] 
--- 操作 4: 开始阅读 ---
[2026-03-05 10:35:11] [INFO] 
--- 操作 5: 翻页测试 ---
[2026-03-05 10:35:15] [INFO] 
✓ 所有自动化操作完成
[2026-03-05 10:35:15] [INFO] 
[4] 程序结束
[2026-03-05 10:35:15] [INFO] ✓ 资源已释放
[2026-03-05 10:39:22] [INFO] ============================================================
[2026-03-05 10:39:22] [INFO] 番茄小说 App 自动化控制程序
[2026-03-05 10:39:22] [INFO] ============================================================
[2026-03-05 10:39:22] [INFO] 
[1] 初始化设备...
[2026-03-05 10:39:22] [INFO] ✓ 设备已连接
[2026-03-05 10:39:22] [INFO]   设备信息: {'Android版本': '9', '设备型号': '', '序列号': '27510164', 'Build ID': 'PI'}
[2026-03-05 10:39:22] [INFO] 
[2] 初始化 App 控制器...
[2026-03-05 10:39:23] [INFO] 
[3] 执行自动化操作...
[2026-03-05 10:39:23] [INFO] (假设番茄小说 App 已经打开)
[2026-03-05 10:39:23] [INFO] 
--- 操作 1: 点击搜索框 ---
[2026-03-05 10:39:24] [INFO] 
--- 操作 2: 搜索书籍 ---
[2026-03-05 10:39:33] [INFO] 
--- 操作 3: 打开搜索结果 ---
[2026-03-05 10:39:39] [INFO] 
--- 操作 4: 开始阅读 ---
[2026-03-05 10:39:46] [INFO] 
--- 操作 5: 翻页测试 ---
[2026-03-05 10:39:48] [INFO] 
✓ 所有自动化操作完成
[2026-03-05 10:39:48] [INFO] 
[4] 程序结束
[2026-03-05 10:39:48] [INFO] ✓ 资源已释放
[2026-03-05 10:39:58] [INFO] ============================================================
[2026-03-05 10:39:58] [INFO] 番茄小说 App 自动化控制程序
[2026-03-05 10:39:58] [INFO] ============================================================
[2026-03-05 10:39:58] [INFO] 
[1] 初始化设备...
[2026-03-05 10:39:59] [INFO] ✓ 设备已连接
[2026-03-05 10:39:59] [INFO]   设备信息: {'Android版本': '9', '设备型号': '', '序列号': '27510164', 'Build ID': 'PI'}
[2026-03-05 10:39:59] [INFO] 
[2] 初始化 App 控制器...
[2026-03-05 10:40:00] [INFO] 
[3] 执行自动化操作...
[2026-03-05 10:40:00] [INFO] (假设番茄小说 App 已经打开)
[2026-03-05 10:40:00] [INFO] 
--- 操作 1: 点击搜索框 ---
[2026-03-05 10:40:01] [INFO] 
--- 操作 2: 搜索书籍 ---
[2026-03-05 10:40:08] [INFO] 
--- 操作 3: 打开搜索结果 ---
[2026-03-05 10:40:15] [INFO] 
--- 操作 4: 开始阅读 ---
[2026-03-05 10:40:22] [INFO] 
--- 操作 5: 翻页测试 ---
[2026-03-05 10:40:26] [INFO] 
✓ 所有自动化操作完成
[2026-03-05 10:40:26] [INFO] 
[4] 程序结束
[2026-03-05 10:40:26] [INFO] ✓ 资源已释放
[2026-03-05 10:43:09] [INFO] ============================================================
[2026-03-05 10:43:09] [INFO] 番茄小说 App 自动化控制程序
[2026-03-05 10:43:09] [INFO] ============================================================
[2026-03-05 10:43:09] [INFO] 
[1] 初始化设备...
[2026-03-05 10:43:09] [INFO] ✓ 设备已连接
[2026-03-05 10:43:09] [INFO]   设备信息: {'Android版本': '9', '设备型号': '', '序列号': '27510164', 'Build ID': 'PI'}
[2026-03-05 10:43:09] [INFO] 
[2] 初始化 App 控制器...
[2026-03-05 10:43:11] [INFO] 
[3] 执行自动化操作...
[2026-03-05 10:43:11] [INFO] (假设番茄小说 App 已经打开)
[2026-03-05 10:43:11] [INFO] 
--- 操作: 点击搜索框 ---
[2026-03-05 10:43:11] [INFO] ✓ 搜索框点击成功
[2026-03-05 10:43:11] [INFO] 
✓ 操作完成
[2026-03-05 10:43:11] [INFO] 
[4] 程序结束
[2026-03-05 10:43:11] [INFO] ✓ 资源已释放
[2026-03-05 10:43:21] [INFO] ============================================================
[2026-03-05 10:43:21] [INFO] 番茄小说 App 自动化控制程序
[2026-03-05 10:43:21] [INFO] ============================================================
[2026-03-05 10:43:21] [INFO] 
[1] 初始化设备...
[2026-03-05 10:43:21] [INFO] ✓ 设备已连接
[2026-03-05 10:43:22] [INFO]   设备信息: {'Android版本': '9', '设备型号': '', '序列号': '27510164', 'Build ID': 'PI'}
[2026-03-05 10:43:22] [INFO] 
[2] 初始化 App 控制器...
[2026-03-05 10:43:23] [INFO] 
[3] 执行自动化操作...
[2026-03-05 10:43:23] [INFO] (假设番茄小说 App 已经打开)
[2026-03-05 10:43:23] [INFO] 
--- 操作: 点击搜索框 ---
[2026-03-05 10:43:24] [INFO] ✓ 搜索框点击成功
[2026-03-05 10:43:24] [INFO] 
✓ 操作完成
[2026-03-05 10:43:24] [INFO] 
[4] 程序结束
[2026-03-05 10:43:24] [INFO] ✓ 资源已释放
[2026-03-05 10:45:48] [INFO] ============================================================
[2026-03-05 10:45:48] [INFO] 番茄小说 App 自动化控制程序
[2026-03-05 10:45:48] [INFO] ============================================================
[2026-03-05 10:45:48] [INFO] 搜索书籍: 我不是戏神
[2026-03-05 10:45:48] [INFO] 
[1] 初始化设备...
[2026-03-05 10:45:48] [INFO] ✓ 设备已连接
[2026-03-05 10:45:49] [INFO]   设备信息: {'Android版本': '9', '设备型号': '', '序列号': '27510164', 'Build ID': 'PI'}
[2026-03-05 10:45:49] [INFO] 
[2] 初始化 App 控制器...
[2026-03-05 10:45:50] [INFO] 
[3] 执行自动化操作...
[2026-03-05 10:45:50] [INFO] (假设番茄小说 App 已经打开)
[2026-03-05 10:45:50] [INFO] 
--- 操作 1: 点击搜索框 ---
[2026-03-05 10:45:51] [INFO] ✓ 搜索框点击成功
[2026-03-05 10:45:51] [INFO] 
--- 操作 2: 输入书籍名称 '我不是戏神' ---
[2026-03-05 10:45:52] [INFO] ✓ 书籍名称输入完成
[2026-03-05 10:45:52] [INFO] 
✓ 所有操作完成
[2026-03-05 10:45:52] [INFO] 
[4] 程序结束
[2026-03-05 10:45:52] [INFO] ✓ 资源已释放
[2026-03-05 10:47:23] [INFO] ============================================================
[2026-03-05 10:47:23] [INFO] 番茄小说 App 自动化控制程序
[2026-03-05 10:47:23] [INFO] ============================================================
[2026-03-05 10:47:23] [INFO] 搜索书籍: 诡秘之主
[2026-03-05 10:47:23] [INFO] 
[1] 初始化设备...
[2026-03-05 10:47:23] [INFO] ✓ 设备已连接
[2026-03-05 10:47:24] [INFO]   设备信息: {'Android版本': '9', '设备型号': '', '序列号': '27510164', 'Build ID': 'PI'}
[2026-03-05 10:47:24] [INFO] 
[2] 初始化 App 控制器...
[2026-03-05 10:47:25] [INFO] 
[3] 执行自动化操作...
[2026-03-05 10:47:25] [INFO] (假设番茄小说 App 已经打开)
[2026-03-05 10:47:25] [INFO] 
--- 操作 1: 点击搜索框 ---
[2026-03-05 10:47:26] [INFO] ✓ 搜索框点击成功
[2026-03-05 10:47:26] [INFO] 
--- 操作 2: 输入书籍名称 '诡秘之主' ---
[2026-03-05 10:47:27] [INFO] ✓ 书籍名称输入完成
[2026-03-05 10:47:27] [INFO] 
--- 操作 3: 点击搜索按钮 ---
[2026-03-05 10:47:27] [INFO] ✓ 搜索按钮已点击
[2026-03-05 10:47:28] [INFO] 
✓ 所有操作完成
[2026-03-05 10:47:28] [INFO] 
[4] 程序结束
[2026-03-05 10:47:28] [INFO] ✓ 资源已释放
[2026-03-05 10:48:09] [INFO] ============================================================
[2026-03-05 10:48:09] [INFO] 番茄小说 App 自动化控制程序
[2026-03-05 10:48:09] [INFO] ============================================================
[2026-03-05 10:48:09] [INFO] 搜索书籍: 我不是戏神
[2026-03-05 10:48:09] [INFO] 
[1] 初始化设备...
[2026-03-05 10:48:09] [INFO] ✓ 设备已连接
[2026-03-05 10:48:09] [INFO]   设备信息: {'Android版本': '9', '设备型号': '', '序列号': '27510164', 'Build ID': 'PI'}
[2026-03-05 10:48:09] [INFO] 
[2] 初始化 App 控制器...
[2026-03-05 10:48:10] [INFO] 
[3] 执行自动化操作...
[2026-03-05 10:48:10] [INFO] (假设番茄小说 App 已经打开)
[2026-03-05 10:48:10] [INFO] 
--- 操作 1: 点击搜索框 ---
[2026-03-05 10:48:11] [INFO] ✓ 搜索框点击成功
[2026-03-05 10:48:11] [INFO] 
--- 操作 2: 输入书籍名称 '我不是戏神' ---
[2026-03-05 10:48:12] [INFO] ✓ 书籍名称输入完成
[2026-03-05 10:48:12] [INFO] 
--- 操作 3: 点击搜索按钮 ---
[2026-03-05 10:48:12] [INFO] ✓ 搜索按钮已点击
[2026-03-05 10:48:13] [INFO] 
✓ 所有操作完成
[2026-03-05 10:48:13] [INFO] 
[4] 程序结束
[2026-03-05 10:48:13] [INFO] ✓ 资源已释放
[2026-03-05 10:48:47] [INFO] ============================================================
[2026-03-05 10:48:47] [INFO] 番茄小说 App 自动化控制程序
[2026-03-05 10:48:47] [INFO] ============================================================
[2026-03-05 10:48:47] [INFO] 搜索书籍: 我不是戏神
[2026-03-05 10:48:47] [INFO] 
[1] 初始化设备...
[2026-03-05 10:48:47] [INFO] ✓ 设备已连接
[2026-03-05 10:48:47] [INFO]   设备信息: {'Android版本': '9', '设备型号': '', '序列号': '27510164', 'Build ID': 'PI'}
[2026-03-05 10:48:47] [INFO] 
[2] 初始化 App 控制器...
[2026-03-05 10:48:49] [INFO] 
[3] 执行自动化操作...
[2026-03-05 10:48:49] [INFO] (假设番茄小说 App 已经打开)
[2026-03-05 10:48:49] [INFO] 
--- 操作 1: 点击搜索框 ---
[2026-03-05 10:48:49] [INFO] ✓ 搜索框点击成功
[2026-03-05 10:48:49] [INFO] 
--- 操作 2: 输入书籍名称 '我不是戏神' ---
[2026-03-05 10:48:50] [INFO] ✓ 书籍名称输入完成
[2026-03-05 10:48:50] [INFO] 
--- 操作 3: 点击搜索按钮 ---
[2026-03-05 10:48:51] [INFO] ✓ 搜索按钮已点击
[2026-03-05 10:48:52] [INFO] 
✓ 所有操作完成
[2026-03-05 10:48:52] [INFO] 
[4] 程序结束
[2026-03-05 10:48:52] [INFO] ✓ 资源已释放
[2026-03-05 10:50:43] [INFO] ============================================================
[2026-03-05 10:50:43] [INFO] 番茄小说 App 自动化控制程序
[2026-03-05 10:50:43] [INFO] ============================================================
[2026-03-05 10:50:43] [INFO] 搜索书籍: 斗破苍穹
[2026-03-05 10:50:43] [INFO] 
[1] 初始化设备...
[2026-03-05 10:50:44] [INFO] ✓ 设备已连接
[2026-03-05 10:50:44] [INFO]   设备信息: {'Android版本': '9', '设备型号': '', '序列号': '27510164', 'Build ID': 'PI'}
[2026-03-05 10:50:44] [INFO] 
[2] 初始化 App 控制器...
[2026-03-05 10:50:45] [INFO] 
[3] 执行自动化操作...
[2026-03-05 10:50:45] [INFO] (假设番茄小说 App 已经打开)
[2026-03-05 10:50:45] [INFO] 
--- 操作 1: 点击搜索框 ---
[2026-03-05 10:50:46] [INFO] ✓ 搜索框点击成功
[2026-03-05 10:50:46] [INFO] 等待搜索框激活...
[2026-03-05 10:50:49] [INFO] 
--- 操作 2: 输入书籍名称 '斗破苍穹' ---
[2026-03-05 10:50:49] [INFO] ✓ 书籍名称输入完成
[2026-03-05 10:50:49] [INFO] 
--- 操作 3: 点击搜索按钮 ---
[2026-03-05 10:50:50] [INFO] ✓ 搜索按钮已点击
[2026-03-05 10:50:51] [INFO] 
✓ 所有操作完成
[2026-03-05 10:50:51] [INFO] 
[4] 程序结束
[2026-03-05 10:50:51] [INFO] ✓ 资源已释放
[2026-03-05 10:51:59] [INFO] ============================================================
[2026-03-05 10:51:59] [INFO] 番茄小说 App 自动化控制程序
[2026-03-05 10:51:59] [INFO] ============================================================
[2026-03-05 10:51:59] [INFO] 搜索书籍: 我不是戏神
[2026-03-05 10:51:59] [INFO] 
[1] 初始化设备...
[2026-03-05 10:51:59] [INFO] ✓ 设备已连接
[2026-03-05 10:52:00] [INFO]   设备信息: {'Android版本': '9', '设备型号': '', '序列号': '27510164', 'Build ID': 'PI'}
[2026-03-05 10:52:00] [INFO] 
[2] 初始化 App 控制器...
[2026-03-05 10:52:01] [INFO] 
[3] 执行自动化操作...
[2026-03-05 10:52:01] [INFO] (假设番茄小说 App 已经打开)
[2026-03-05 10:52:01] [INFO] 
--- 操作 1: 点击搜索框 ---
[2026-03-05 10:52:02] [INFO] ✓ 搜索框点击成功
[2026-03-05 10:52:02] [INFO] 等待搜索框激活...
[2026-03-05 10:52:05] [INFO] 
--- 操作 2: 输入书籍名称 '我不是戏神' ---
[2026-03-05 10:52:05] [INFO] ✓ 书籍名称输入完成
[2026-03-05 10:52:05] [INFO] 
--- 操作 3: 点击搜索按钮 ---
[2026-03-05 10:52:05] [INFO] ✓ 搜索按钮已点击
[2026-03-05 10:52:06] [INFO] 
✓ 所有操作完成
[2026-03-05 10:52:06] [INFO] 
[4] 程序结束
[2026-03-05 10:52:06] [INFO] ✓ 资源已释放
[2026-03-05 11:08:10] [INFO] ============================================================
[2026-03-05 11:08:10] [INFO] 番茄小说 App 自动化控制程序
[2026-03-05 11:08:10] [INFO] ============================================================
[2026-03-05 11:08:10] [INFO] 搜索书籍: 我不是戏神
[2026-03-05 11:08:10] [INFO] 
[1] 初始化设备...
[2026-03-05 11:08:11] [INFO] ✓ 设备已连接
[2026-03-05 11:08:11] [INFO]   设备信息: {'Android版本': '9', '设备型号': '', '序列号': '27510164', 'Build ID': 'PI'}
[2026-03-05 11:08:11] [INFO] 
[2] 初始化 App 控制器...
[2026-03-05 11:08:12] [INFO] 
[3] 执行自动化操作...
[2026-03-05 11:08:12] [INFO] (假设番茄小说 App 已经打开)
[2026-03-05 11:08:12] [INFO] 
--- 操作 1: 点击搜索框 ---
[2026-03-05 11:08:13] [INFO] ✓ 搜索框点击成功
[2026-03-05 11:08:13] [INFO] 等待搜索框激活...
[2026-03-05 11:08:16] [INFO] 
--- 操作 2: 输入书籍名称 '我不是戏神' ---
[2026-03-05 11:08:16] [INFO] ✓ 书籍名称输入完成
[2026-03-05 11:08:16] [INFO] 
--- 操作 3: 点击搜索按钮 ---
[2026-03-05 11:08:17] [INFO] ✓ 搜索按钮已点击
[2026-03-05 11:08:19] [INFO] 
--- 操作 4: 点击第一个搜索结果 ---
[2026-03-05 11:08:20] [INFO] ✓ 已点击第一个搜索结果
[2026-03-05 11:08:20] [INFO] 
✓ 所有操作完成
[2026-03-05 11:08:20] [INFO] 
[4] 程序结束
[2026-03-05 11:08:20] [INFO] ✓ 资源已释放
[2026-03-05 11:09:44] [INFO] ============================================================
[2026-03-05 11:09:44] [INFO] 番茄小说 App 自动化控制程序
[2026-03-05 11:09:44] [INFO] ============================================================
[2026-03-05 11:09:44] [INFO] 搜索书籍: 我不是戏神
[2026-03-05 11:09:44] [INFO] 
[1] 初始化设备...
[2026-03-05 11:09:44] [INFO] ✓ 设备已连接
[2026-03-05 11:09:44] [INFO]   设备信息: {'Android版本': '9', '设备型号': '', '序列号': '27510164', 'Build ID': 'PI'}
[2026-03-05 11:09:44] [INFO] 
[2] 初始化 App 控制器...
[2026-03-05 11:09:45] [INFO] 
[3] 执行自动化操作...
[2026-03-05 11:09:45] [INFO] (假设番茄小说 App 已经打开)
[2026-03-05 11:09:45] [INFO] 
--- 操作 1: 点击搜索框 ---
[2026-03-05 11:09:46] [INFO] ✓ 搜索框点击成功
[2026-03-05 11:09:46] [INFO] 等待搜索框激活...
[2026-03-05 11:09:49] [INFO] 
--- 操作 2: 输入书籍名称 '我不是戏神' ---
[2026-03-05 11:09:49] [INFO] ✓ 书籍名称输入完成
[2026-03-05 11:09:49] [INFO] 
--- 操作 3: 点击搜索按钮 ---
[2026-03-05 11:09:50] [INFO] ✓ 搜索按钮已点击
[2026-03-05 11:09:52] [INFO] 
--- 操作 4: 点击第一个搜索结果 ---
[2026-03-05 11:09:53] [INFO] ✓ 已点击第一个搜索结果
[2026-03-05 11:09:53] [INFO] 
✓ 所有操作完成
[2026-03-05 11:09:53] [INFO] 
[4] 程序结束
[2026-03-05 11:09:53] [INFO] ✓ 资源已释放
[2026-03-05 11:11:23] [INFO] ============================================================
[2026-03-05 11:11:23] [INFO] 番茄小说 App 自动化控制程序
[2026-03-05 11:11:23] [INFO] ============================================================
[2026-03-05 11:11:23] [INFO] 搜索书籍: 我不是戏神
[2026-03-05 11:11:23] [INFO] 
[1] 初始化设备...
[2026-03-05 11:11:23] [INFO] ✓ 设备已连接
[2026-03-05 11:11:23] [INFO]   设备信息: {'Android版本': '9', '设备型号': '', '序列号': '27510164', 'Build ID': 'PI'}
[2026-03-05 11:11:23] [INFO] 
[2] 初始化 App 控制器...
[2026-03-05 11:11:24] [INFO] 
[3] 执行自动化操作...
[2026-03-05 11:11:24] [INFO] (假设番茄小说 App 已经打开)
[2026-03-05 11:11:24] [INFO] 
--- 操作 1: 点击搜索框 ---
[2026-03-05 11:11:25] [INFO] ✓ 搜索框点击成功
[2026-03-05 11:11:25] [INFO] 等待搜索框激活...
[2026-03-05 11:11:28] [INFO] 
--- 操作 2: 输入书籍名称 '我不是戏神' ---
[2026-03-05 11:11:28] [INFO] ✓ 书籍名称输入完成
[2026-03-05 11:11:28] [INFO] 
--- 操作 3: 点击搜索按钮 ---
[2026-03-05 11:11:29] [INFO] ✓ 搜索按钮已点击
[2026-03-05 11:11:31] [INFO] 
--- 操作 4: 切换到书籍标签 ---
[2026-03-05 11:11:31] [INFO] ✓ 已切换到书籍标签
[2026-03-05 11:11:32] [INFO] 
--- 操作 5: 点击第一条小说结果 ---
[2026-03-05 11:11:34] [INFO] ✓ 已点击第一条小说封面
[2026-03-05 11:11:34] [INFO] 
✓ 所有操作完成
[2026-03-05 11:11:34] [INFO] 
[4] 程序结束
[2026-03-05 11:11:34] [INFO] ✓ 资源已释放
[2026-03-05 11:13:11] [INFO] ============================================================
[2026-03-05 11:13:11] [INFO] 番茄小说 App 自动化控制程序
[2026-03-05 11:13:11] [INFO] ============================================================
[2026-03-05 11:13:11] [INFO] 搜索书籍: 我不是戏神
[2026-03-05 11:13:11] [INFO] 
[1] 初始化设备...
[2026-03-05 11:13:11] [INFO] ✓ 设备已连接
[2026-03-05 11:13:12] [INFO]   设备信息: {'Android版本': '9', '设备型号': '', '序列号': '27510164', 'Build ID': 'PI'}
[2026-03-05 11:13:12] [INFO] 
[2] 初始化 App 控制器...
[2026-03-05 11:13:13] [INFO] 
[3] 执行自动化操作...
[2026-03-05 11:13:13] [INFO] (假设番茄小说 App 已经打开)
[2026-03-05 11:13:13] [INFO] 
--- 操作 1: 点击搜索框 ---
[2026-03-05 11:13:13] [INFO] ✓ 搜索框点击成功
[2026-03-05 11:13:13] [INFO] 等待搜索框激活...
[2026-03-05 11:13:16] [INFO] 
--- 操作 2: 输入书籍名称 '我不是戏神' ---
[2026-03-05 11:13:17] [INFO] ✓ 书籍名称输入完成
[2026-03-05 11:13:17] [INFO] 
--- 操作 3: 点击搜索按钮 ---
[2026-03-05 11:13:17] [INFO] ✓ 搜索按钮已点击
[2026-03-05 11:13:19] [INFO] 
--- 操作 4: 切换到书籍标签 ---
[2026-03-05 11:13:20] [INFO] ✓ 已切换到书籍标签
[2026-03-05 11:13:21] [INFO] 
--- 操作 5: 点击第一条小说结果 ---
[2026-03-05 11:13:23] [INFO] ✓ 已点击第一条小说封面
[2026-03-05 11:13:23] [INFO] 
--- 操作 6: 等待后回退至主页面 ---
[2026-03-05 11:13:26] [INFO] ✓ 已执行第 1/3 次回退
[2026-03-05 11:13:27] [INFO] ✓ 已执行第 2/3 次回退
[2026-03-05 11:13:28] [INFO] ✓ 已执行第 3/3 次回退
[2026-03-05 11:13:28] [INFO] 
✓ 所有操作完成
[2026-03-05 11:13:28] [INFO] 
[4] 程序结束
[2026-03-05 11:13:28] [INFO] ✓ 资源已释放
[2026-03-05 11:13:56] [INFO] ============================================================
[2026-03-05 11:13:56] [INFO] 番茄小说 App 自动化控制程序
[2026-03-05 11:13:56] [INFO] ============================================================
[2026-03-05 11:13:56] [INFO] 搜索书籍: 我不是戏神
[2026-03-05 11:13:56] [INFO] 
[1] 初始化设备...
[2026-03-05 11:13:56] [INFO] ✓ 设备已连接
[2026-03-05 11:13:57] [INFO]   设备信息: {'Android版本': '9', '设备型号': '', '序列号': '27510164', 'Build ID': 'PI'}
[2026-03-05 11:13:57] [INFO] 
[2] 初始化 App 控制器...
[2026-03-05 11:13:58] [INFO] 
[3] 执行自动化操作...
[2026-03-05 11:13:58] [INFO] (假设番茄小说 App 已经打开)
[2026-03-05 11:13:58] [INFO] 
--- 操作 1: 点击搜索框 ---
[2026-03-05 11:13:59] [INFO] ✓ 搜索框点击成功
[2026-03-05 11:13:59] [INFO] 等待搜索框激活...
[2026-03-05 11:14:02] [INFO] 
--- 操作 2: 输入书籍名称 '我不是戏神' ---
[2026-03-05 11:14:02] [INFO] ✓ 书籍名称输入完成
[2026-03-05 11:14:02] [INFO] 
--- 操作 3: 点击搜索按钮 ---
[2026-03-05 11:14:02] [INFO] ✓ 搜索按钮已点击
[2026-03-05 11:14:04] [INFO] 
--- 操作 4: 切换到书籍标签 ---
[2026-03-05 11:14:06] [INFO] ✓ 已切换到书籍标签
[2026-03-05 11:14:07] [INFO] 
--- 操作 5: 点击第一条小说结果 ---
[2026-03-05 11:14:08] [INFO] ✓ 已点击第一条小说封面
[2026-03-05 11:14:08] [INFO] 
--- 操作 6: 等待后回退至主页面 ---
[2026-03-05 11:14:11] [INFO] ✓ 已执行第 1/3 次回退
[2026-03-05 11:14:12] [INFO] ✓ 已执行第 2/3 次回退
[2026-03-05 11:14:13] [INFO] ✓ 已执行第 3/3 次回退
[2026-03-05 11:14:13] [INFO] 
✓ 所有操作完成
[2026-03-05 11:14:13] [INFO] 
[4] 程序结束
[2026-03-05 11:14:13] [INFO] ✓ 资源已释放
[2026-03-05 11:15:12] [INFO] ============================================================
[2026-03-05 11:15:12] [INFO] 番茄小说 App 自动化控制程序
[2026-03-05 11:15:12] [INFO] ============================================================
[2026-03-05 11:15:12] [INFO] 搜索书籍: 我不是戏神
[2026-03-05 11:15:12] [INFO] 
[1] 初始化设备...
[2026-03-05 11:15:13] [INFO] ✓ 设备已连接
[2026-03-05 11:15:13] [INFO]   设备信息: {'Android版本': '9', '设备型号': '', '序列号': '27510164', 'Build ID': 'PI'}
[2026-03-05 11:15:13] [INFO] 
[2] 初始化 App 控制器...
[2026-03-05 11:15:14] [INFO] 
[3] 执行自动化操作...
[2026-03-05 11:15:14] [INFO] (假设番茄小说 App 已经打开)
[2026-03-05 11:15:14] [INFO] 
--- 操作 1: 点击搜索框 ---
[2026-03-05 11:15:15] [INFO] ✓ 搜索框点击成功
[2026-03-05 11:15:15] [INFO] 等待搜索框激活...
[2026-03-05 11:15:18] [INFO] 
--- 操作 2: 输入书籍名称 '我不是戏神' ---
[2026-03-05 11:15:18] [INFO] ✓ 书籍名称输入完成
[2026-03-05 11:15:18] [INFO] 
--- 操作 3: 点击搜索按钮 ---
[2026-03-05 11:15:19] [INFO] ✓ 搜索按钮已点击
[2026-03-05 11:15:21] [INFO] 
--- 操作 4: 切换到书籍标签 ---
[2026-03-05 11:15:22] [INFO] ✓ 已切换到书籍标签
[2026-03-05 11:15:23] [INFO] 
--- 操作 5: 点击第一条小说结果 ---
[2026-03-05 11:15:24] [INFO] ✓ 已点击第一条小说封面
[2026-03-05 11:15:24] [INFO] 
--- 操作 6: 等待后回退至主页面 ---
[2026-03-05 11:15:27] [INFO] ✓ 已执行第 1/3 次回退
[2026-03-05 11:15:28] [INFO] ✓ 已执行第 2/3 次回退
[2026-03-05 11:15:29] [INFO] ✓ 已执行第 3/3 次回退
[2026-03-05 11:15:30] [INFO] 
✓ 所有操作完成
[2026-03-05 11:15:30] [INFO] 
[4] 程序结束
[2026-03-05 11:15:30] [INFO] ✓ 资源已释放
